<?xml version="1.0" encoding="UTF-8"?>
<testsuites name="TS_Demo" time="93" tests="3" failures="1" errors="0">
   <testsuite name="TS_Demo" tests="3" failures="1" errors="0" time="93" timestamp="2018-06-20 23:47:55" hostname="GordonSloan - LAPTOP-1SON56RS.home" id="Test Suites/TS_Demo">
      <properties>
         <property name="deviceName" value=""/>
         <property name="devicePlatform" value=""/>
         <property name="logFolder" value="C:\\Workspace\\Test Project\\KatalonTestProject\\Reports\\TS_Demo\\20180620_234752"/>
         <property name="logFiles" value="C:\\Workspace\\Test Project\\KatalonTestProject\\Reports\\TS_Demo\\20180620_234752\\execution0.log"/>
         <property name="attachments" value=""/>
         <property name="hostName" value="GordonSloan - LAPTOP-1SON56RS.home"/>
         <property name="os" value="Windows 10 64bit"/>
         <property name="katalonVersion" value="5.4.2.1"/>
         <property name="browser" value="Chrome 67.0.3396.87"/>
         <property name="hostAddress" value="192.168.1.163"/>
         <property name="sessionId" value="30ee2362be981bdff35ba4c42ca3fcfb"/>
         <property name="seleniumVersion" value="3.7.1"/>
         <property name="proxyInformation" value="ProxyInformation{proxyOption=NO_PROXY, proxyServerType=HTTP, password=, proxyServerAddress=, proxyServerPort=0}"/>
         <property name="platform" value="Windows 10"/>
      </properties>
      <testcase name="Test Cases/Test Cases - Portal/TC1_Verify Successfull Login" classname="Test Cases/Test Cases - Portal/TC1_Verify Successfull Login" status="PASSED">
         <system-out><![CDATA[2018-06-20 23:47:55 - [TEST_CASE][PASSED] - Test Cases/Test Cases - Portal/TC1_Verify Successfull Login: Test Cases/Test Cases - Portal/TC1_Verify Successfull Login

2018-06-20 23:47:56 - [TEST_STEP][PASSED] - comment: Story: Login to Flexi-Grant

2018-06-20 23:47:56 - [TEST_STEP][PASSED] - comment: Given that the user has valid login details

2018-06-20 23:47:56 - [TEST_STEP][PASSED] - openBrowser: Browser is opened with url: ''

2018-06-20 23:47:59 - [MESSAGE][PASSED] - Browser is opened with url: ''

2018-06-20 23:47:59 - [TEST_STEP][PASSED] - navigateToUrl: Navigate to 'https://gordontesting.flexigrant.com/' successfully

2018-06-20 23:48:01 - [MESSAGE][PASSED] - Navigate to 'https://gordontesting.flexigrant.com/' successfully

2018-06-20 23:48:01 - [TEST_STEP][PASSED] - comment: When they login to the system

2018-06-20 23:48:01 - [TEST_STEP][PASSED] - callTestCase: Call Test Case 'Test Cases/Generic Tests/Login' successfully

2018-06-20 23:48:01 - [TEST_CASE][PASSED] - Test Cases/Generic Tests/Login: Test Cases/Generic Tests/Login

2018-06-20 23:48:01 - [TEST_STEP][PASSED] - click: Object: 'Object Repository/Generic Tests/Login/Page_Portal homepage - Gordon Testi/a_Login' is clicked on

2018-06-20 23:48:02 - [MESSAGE][PASSED] - Object: 'Object Repository/Generic Tests/Login/Page_Portal homepage - Gordon Testi/a_Login' is clicked on

2018-06-20 23:48:02 - [TEST_STEP][PASSED] - setText: Text 'test.user@sharklasers.com' is set on object 'Object Repository/Generic Tests/Login/Page_Login - Gordon Testing/txtUserName'

2018-06-20 23:48:02 - [MESSAGE][PASSED] - Text 'test.user@sharklasers.com' is set on object 'Object Repository/Generic Tests/Login/Page_Login - Gordon Testing/txtUserName'

2018-06-20 23:48:02 - [TEST_STEP][PASSED] - setText: Text 'password123' is set on object 'Object Repository/Generic Tests/Login/Page_Login - Gordon Testing/txtPassword'

2018-06-20 23:48:02 - [MESSAGE][PASSED] - Text 'password123' is set on object 'Object Repository/Generic Tests/Login/Page_Login - Gordon Testing/txtPassword'

2018-06-20 23:48:02 - [TEST_STEP][PASSED] - click: Object: 'Object Repository/Generic Tests/Login/Page_Login - Gordon Testing/btnLogin' is clicked on

2018-06-20 23:48:04 - [MESSAGE][PASSED] - Object: 'Object Repository/Generic Tests/Login/Page_Login - Gordon Testing/btnLogin' is clicked on

2018-06-20 23:48:04 - [MESSAGE][PASSED] - Call Test Case 'Test Cases/Generic Tests/Login' successfully

2018-06-20 23:48:04 - [TEST_STEP][PASSED] - comment: They should be logged in successfully

2018-06-20 23:48:04 - [TEST_STEP][PASSED] - Statement - switch (var_expectedResult.toString()): null

2018-06-20 23:48:04 - [TEST_STEP][PASSED] - Statement - case "valid_details":: null

2018-06-20 23:48:04 - [TEST_STEP][PASSED] - verifyElementPresent: Object 'Object Repository/TC1_Verify Successfull Login/Page_Portal homepage - Gordon Testi/div_Logged in as  test.usersha' is present

2018-06-20 23:48:04 - [MESSAGE][WARNING] - Timeout '0' is invalid. Using default page load timeout: '30'

2018-06-20 23:48:04 - [MESSAGE][PASSED] - Object 'Object Repository/TC1_Verify Successfull Login/Page_Portal homepage - Gordon Testi/div_Logged in as  test.usersha' is present

2018-06-20 23:48:04 - [TEST_STEP][PASSED] - Statement - Break: null

2018-06-20 23:48:04 - [TEST_STEP][PASSED] - closeBrowser: Browser is closed

2018-06-20 23:48:04 - [MESSAGE][PASSED] - Browser is closed]]></system-out>
         <system-err><![CDATA[]]></system-err>
      </testcase>
      <testcase name="Test Cases/Test Cases - Portal/TC1_Verify Successfull Login" classname="Test Cases/Test Cases - Portal/TC1_Verify Successfull Login" status="PASSED">
         <system-out><![CDATA[2018-06-20 23:48:04 - [TEST_CASE][PASSED] - Test Cases/Test Cases - Portal/TC1_Verify Successfull Login: Test Cases/Test Cases - Portal/TC1_Verify Successfull Login

2018-06-20 23:48:05 - [TEST_STEP][PASSED] - comment: Story: Login to Flexi-Grant

2018-06-20 23:48:05 - [TEST_STEP][PASSED] - comment: Given that the user has valid login details

2018-06-20 23:48:05 - [TEST_STEP][PASSED] - openBrowser: Browser is opened with url: ''

2018-06-20 23:48:07 - [MESSAGE][PASSED] - Browser is opened with url: ''

2018-06-20 23:48:07 - [TEST_STEP][PASSED] - navigateToUrl: Navigate to 'https://gordontesting.flexigrant.com/' successfully

2018-06-20 23:48:08 - [MESSAGE][PASSED] - Navigate to 'https://gordontesting.flexigrant.com/' successfully

2018-06-20 23:48:08 - [TEST_STEP][PASSED] - comment: When they login to the system

2018-06-20 23:48:08 - [TEST_STEP][PASSED] - callTestCase: Call Test Case 'Test Cases/Generic Tests/Login' successfully

2018-06-20 23:48:08 - [TEST_CASE][PASSED] - Test Cases/Generic Tests/Login: Test Cases/Generic Tests/Login

2018-06-20 23:48:08 - [TEST_STEP][PASSED] - click: Object: 'Object Repository/Generic Tests/Login/Page_Portal homepage - Gordon Testi/a_Login' is clicked on

2018-06-20 23:48:10 - [MESSAGE][PASSED] - Object: 'Object Repository/Generic Tests/Login/Page_Portal homepage - Gordon Testi/a_Login' is clicked on

2018-06-20 23:48:10 - [TEST_STEP][PASSED] - setText: Text 'non.existant@email.com' is set on object 'Object Repository/Generic Tests/Login/Page_Login - Gordon Testing/txtUserName'

2018-06-20 23:48:10 - [MESSAGE][PASSED] - Text 'non.existant@email.com' is set on object 'Object Repository/Generic Tests/Login/Page_Login - Gordon Testing/txtUserName'

2018-06-20 23:48:10 - [TEST_STEP][PASSED] - setText: Text 'nopassword' is set on object 'Object Repository/Generic Tests/Login/Page_Login - Gordon Testing/txtPassword'

2018-06-20 23:48:10 - [MESSAGE][PASSED] - Text 'nopassword' is set on object 'Object Repository/Generic Tests/Login/Page_Login - Gordon Testing/txtPassword'

2018-06-20 23:48:10 - [TEST_STEP][PASSED] - click: Object: 'Object Repository/Generic Tests/Login/Page_Login - Gordon Testing/btnLogin' is clicked on

2018-06-20 23:48:11 - [MESSAGE][PASSED] - Object: 'Object Repository/Generic Tests/Login/Page_Login - Gordon Testing/btnLogin' is clicked on

2018-06-20 23:48:11 - [MESSAGE][PASSED] - Call Test Case 'Test Cases/Generic Tests/Login' successfully

2018-06-20 23:48:11 - [TEST_STEP][PASSED] - comment: They should be logged in successfully

2018-06-20 23:48:11 - [TEST_STEP][PASSED] - Statement - switch (var_expectedResult.toString()): null

2018-06-20 23:48:11 - [TEST_STEP][PASSED] - Statement - case "user_not_found":: null

2018-06-20 23:48:11 - [TEST_STEP][PASSED] - verifyElementPresent: Object 'Object Repository/TC1_Verify Successfull Login/Page_Login - Gordon Testing/p_User not found.' is present

2018-06-20 23:48:11 - [MESSAGE][WARNING] - Timeout '0' is invalid. Using default page load timeout: '30'

2018-06-20 23:48:11 - [MESSAGE][PASSED] - Object 'Object Repository/TC1_Verify Successfull Login/Page_Login - Gordon Testing/p_User not found.' is present

2018-06-20 23:48:11 - [TEST_STEP][PASSED] - Statement - Break: null

2018-06-20 23:48:11 - [TEST_STEP][PASSED] - closeBrowser: Browser is closed

2018-06-20 23:48:12 - [MESSAGE][PASSED] - Browser is closed]]></system-out>
         <system-err><![CDATA[]]></system-err>
      </testcase>
      <testcase name="Test Cases/Test Cases - Portal/TC1_Verify Successfull Login" classname="Test Cases/Test Cases - Portal/TC1_Verify Successfull Login" status="PASSED">
         <system-out><![CDATA[2018-06-20 23:48:12 - [TEST_CASE][PASSED] - Test Cases/Test Cases - Portal/TC1_Verify Successfull Login: Test Cases/Test Cases - Portal/TC1_Verify Successfull Login

2018-06-20 23:48:12 - [TEST_STEP][PASSED] - comment: Story: Login to Flexi-Grant

2018-06-20 23:48:12 - [TEST_STEP][PASSED] - comment: Given that the user has valid login details

2018-06-20 23:48:12 - [TEST_STEP][PASSED] - openBrowser: Browser is opened with url: ''

2018-06-20 23:48:14 - [MESSAGE][PASSED] - Browser is opened with url: ''

2018-06-20 23:48:14 - [TEST_STEP][PASSED] - navigateToUrl: Navigate to 'https://gordontesting.flexigrant.com/' successfully

2018-06-20 23:48:16 - [MESSAGE][PASSED] - Navigate to 'https://gordontesting.flexigrant.com/' successfully

2018-06-20 23:48:16 - [TEST_STEP][PASSED] - comment: When they login to the system

2018-06-20 23:48:16 - [TEST_STEP][PASSED] - callTestCase: Call Test Case 'Test Cases/Generic Tests/Login' successfully

2018-06-20 23:48:16 - [TEST_CASE][PASSED] - Test Cases/Generic Tests/Login: Test Cases/Generic Tests/Login

2018-06-20 23:48:16 - [TEST_STEP][PASSED] - click: Object: 'Object Repository/Generic Tests/Login/Page_Portal homepage - Gordon Testi/a_Login' is clicked on

2018-06-20 23:48:18 - [MESSAGE][PASSED] - Object: 'Object Repository/Generic Tests/Login/Page_Portal homepage - Gordon Testi/a_Login' is clicked on

2018-06-20 23:48:18 - [TEST_STEP][PASSED] - setText: Text 'test.user@sharklasers.com' is set on object 'Object Repository/Generic Tests/Login/Page_Login - Gordon Testing/txtUserName'

2018-06-20 23:48:18 - [MESSAGE][PASSED] - Text 'test.user@sharklasers.com' is set on object 'Object Repository/Generic Tests/Login/Page_Login - Gordon Testing/txtUserName'

2018-06-20 23:48:18 - [TEST_STEP][PASSED] - setText: Text 'qwerty789' is set on object 'Object Repository/Generic Tests/Login/Page_Login - Gordon Testing/txtPassword'

2018-06-20 23:48:18 - [MESSAGE][PASSED] - Text 'qwerty789' is set on object 'Object Repository/Generic Tests/Login/Page_Login - Gordon Testing/txtPassword'

2018-06-20 23:48:18 - [TEST_STEP][PASSED] - click: Object: 'Object Repository/Generic Tests/Login/Page_Login - Gordon Testing/btnLogin' is clicked on

2018-06-20 23:48:20 - [MESSAGE][PASSED] - Object: 'Object Repository/Generic Tests/Login/Page_Login - Gordon Testing/btnLogin' is clicked on

2018-06-20 23:48:20 - [MESSAGE][PASSED] - Call Test Case 'Test Cases/Generic Tests/Login' successfully

2018-06-20 23:48:20 - [TEST_STEP][PASSED] - comment: They should be logged in successfully

2018-06-20 23:48:20 - [TEST_STEP][PASSED] - Statement - switch (var_expectedResult.toString()): null

2018-06-20 23:48:20 - [TEST_STEP][PASSED] - Statement - case "incorrect_password":: null

2018-06-20 23:48:20 - [TEST_STEP][PASSED] - verifyElementPresent: Object 'Object Repository/TC1_Verify Successfull Login/Page_Login - Gordon Testing/p_Invalid usernameemail or pas' is present

2018-06-20 23:48:20 - [MESSAGE][WARNING] - Timeout '0' is invalid. Using default page load timeout: '30'

2018-06-20 23:48:20 - [MESSAGE][PASSED] - Object 'Object Repository/TC1_Verify Successfull Login/Page_Login - Gordon Testing/p_Invalid usernameemail or pas' is present

2018-06-20 23:48:20 - [TEST_STEP][PASSED] - Statement - Break: null

2018-06-20 23:48:20 - [TEST_STEP][PASSED] - closeBrowser: Browser is closed

2018-06-20 23:48:21 - [MESSAGE][PASSED] - Browser is closed]]></system-out>
         <system-err><![CDATA[]]></system-err>
      </testcase>
      <testcase name="Test Cases/Test Cases - Portal/TC3_Verify Completion of Standard Application" classname="Test Cases/Test Cases - Portal/TC3_Verify Completion of Standard Application" status="FAILED">
         <failure type="FAILED" message="Unable to verify object 'Object Repository/TC3_Verify Completion of Standard Application/Page_Application form - Gordon Test/h2_Your application has been s' is present (Root cause: org.openqa.selenium.WebDriverException: chrome not reachable
  (Session info: chrome=67.0.3396.87)
  (Driver info: chromedriver=2.35.528161 (5b82f2d2aae0ca24b877009200ced9065a772e73),platform=Windows NT 10.0.17134 x86_64) (WARNING: The server did not provide any stacktrace information)
Command duration or timeout: 0 milliseconds
Build info: version: '3.7.1', revision: '8a0099a', time: '2017-11-06T21:07:36.161Z'
System info: host: 'LAPTOP-1SON56RS', ip: '192.168.1.163', os.name: 'Windows 10', os.arch: 'amd64', os.version: '10.0', java.version: '1.8.0_102'
Driver info: com.kms.katalon.selenium.driver.CChromeDriver
Capabilities {acceptInsecureCerts: false, acceptSslCerts: false, applicationCacheEnabled: false, browserConnectionEnabled: false, browserName: chrome, chrome: {chromedriverVersion: 2.35.528161 (5b82f2d2aae0ca..., userDataDir: C:\Users\GORDON~1\AppData\L...}, cssSelectorsEnabled: true, databaseEnabled: false, handlesAlerts: true, hasTouchScreen: false, javascriptEnabled: true, locationContextEnabled: true, mobileEmulationEnabled: false, nativeEvents: true, networkConnectionEnabled: false, pageLoadStrategy: normal, platform: XP, platformName: XP, rotatable: false, setWindowRect: true, takesHeapSnapshot: true, takesScreenshot: true, unexpectedAlertBehaviour: , unhandledPromptBehavior: , version: 67.0.3396.87, webStorageEnabled: true}
Session ID: 30ee2362be981bdff35ba4c42ca3fcfb
*** Element info: {Using=xpath, value=//h2[@id = 'MainContent_ctl00_ctl02_h2Title' and (text() = 'Your application has been successfully submitted.' or . = 'Your application has been successfully submitted.')]})"/>
         <system-out><![CDATA[2018-06-20 23:48:21 - [TEST_CASE][FAILED] - Test Cases/Test Cases - Portal/TC3_Verify Completion of Standard Application: Test Cases/Test Cases - Portal/TC3_Verify Completion of Standard Application FAILED because (of) Unable to verify object 'Object Repository/TC3_Verify Completion of Standard Application/Page_Application form - Gordon Test/h2_Your application has been s' is present (Root cause: org.openqa.selenium.WebDriverException: chrome not reachable
  (Session info: chrome=67.0.3396.87)
  (Driver info: chromedriver=2.35.528161 (5b82f2d2aae0ca24b877009200ced9065a772e73),platform=Windows NT 10.0.17134 x86_64) (WARNING: The server did not provide any stacktrace information)
Command duration or timeout: 0 milliseconds
Build info: version: '3.7.1', revision: '8a0099a', time: '2017-11-06T21:07:36.161Z'
System info: host: 'LAPTOP-1SON56RS', ip: '192.168.1.163', os.name: 'Windows 10', os.arch: 'amd64', os.version: '10.0', java.version: '1.8.0_102'
Driver info: com.kms.katalon.selenium.driver.CChromeDriver
Capabilities {acceptInsecureCerts: false, acceptSslCerts: false, applicationCacheEnabled: false, browserConnectionEnabled: false, browserName: chrome, chrome: {chromedriverVersion: 2.35.528161 (5b82f2d2aae0ca..., userDataDir: C:\Users\GORDON~1\AppData\L...}, cssSelectorsEnabled: true, databaseEnabled: false, handlesAlerts: true, hasTouchScreen: false, javascriptEnabled: true, locationContextEnabled: true, mobileEmulationEnabled: false, nativeEvents: true, networkConnectionEnabled: false, pageLoadStrategy: normal, platform: XP, platformName: XP, rotatable: false, setWindowRect: true, takesHeapSnapshot: true, takesScreenshot: true, unexpectedAlertBehaviour: , unhandledPromptBehavior: , version: 67.0.3396.87, webStorageEnabled: true}
Session ID: 30ee2362be981bdff35ba4c42ca3fcfb
*** Element info: {Using=xpath, value=//h2[@id = 'MainContent_ctl00_ctl02_h2Title' and (text() = 'Your application has been successfully submitted.' or . = 'Your application has been successfully submitted.')]})

2018-06-20 23:48:21 - [TEST_STEP][PASSED] - comment: This test has a few issues that need sorted out relating to the Activites question and File Upload

2018-06-20 23:48:21 - [TEST_STEP][PASSED] - comment: Open browser and navigate to test tenant

2018-06-20 23:48:21 - [TEST_STEP][PASSED] - openBrowser: Browser is opened with url: ''

2018-06-20 23:48:23 - [MESSAGE][PASSED] - Browser is opened with url: ''

2018-06-20 23:48:23 - [TEST_STEP][PASSED] - maximizeWindow: Current window maximized

2018-06-20 23:48:24 - [MESSAGE][PASSED] - Current window maximized

2018-06-20 23:48:24 - [TEST_STEP][PASSED] - navigateToUrl: Navigate to 'https://gordontesting.flexigrant.com/' successfully

2018-06-20 23:48:26 - [MESSAGE][PASSED] - Navigate to 'https://gordontesting.flexigrant.com/' successfully

2018-06-20 23:48:26 - [TEST_STEP][PASSED] - comment: Login

2018-06-20 23:48:26 - [TEST_STEP][PASSED] - callTestCase: Call Test Case 'Test Cases/Generic Tests/Login' successfully

2018-06-20 23:48:26 - [TEST_CASE][PASSED] - Test Cases/Generic Tests/Login: Test Cases/Generic Tests/Login

2018-06-20 23:48:26 - [TEST_STEP][PASSED] - click: Object: 'Object Repository/Generic Tests/Login/Page_Portal homepage - Gordon Testi/a_Login' is clicked on

2018-06-20 23:48:28 - [MESSAGE][PASSED] - Object: 'Object Repository/Generic Tests/Login/Page_Portal homepage - Gordon Testi/a_Login' is clicked on

2018-06-20 23:48:28 - [TEST_STEP][PASSED] - setText: Text 'test.user@sharklasers.com' is set on object 'Object Repository/Generic Tests/Login/Page_Login - Gordon Testing/txtUserName'

2018-06-20 23:48:28 - [MESSAGE][PASSED] - Text 'test.user@sharklasers.com' is set on object 'Object Repository/Generic Tests/Login/Page_Login - Gordon Testing/txtUserName'

2018-06-20 23:48:28 - [TEST_STEP][PASSED] - setText: Text 'password123' is set on object 'Object Repository/Generic Tests/Login/Page_Login - Gordon Testing/txtPassword'

2018-06-20 23:48:28 - [MESSAGE][PASSED] - Text 'password123' is set on object 'Object Repository/Generic Tests/Login/Page_Login - Gordon Testing/txtPassword'

2018-06-20 23:48:28 - [TEST_STEP][PASSED] - click: Object: 'Object Repository/Generic Tests/Login/Page_Login - Gordon Testing/btnLogin' is clicked on

2018-06-20 23:48:29 - [MESSAGE][PASSED] - Object: 'Object Repository/Generic Tests/Login/Page_Login - Gordon Testing/btnLogin' is clicked on

2018-06-20 23:48:29 - [MESSAGE][PASSED] - Call Test Case 'Test Cases/Generic Tests/Login' successfully

2018-06-20 23:48:29 - [TEST_STEP][PASSED] - comment: Start application

2018-06-20 23:48:29 - [TEST_STEP][PASSED] - callTestCase: Call Test Case 'Test Cases/Research Grants - Initial Proposal/Start Application (TC3)' successfully

2018-06-20 23:48:29 - [TEST_CASE][PASSED] - Test Cases/Research Grants - Initial Proposal/Start Application (TC3): Test Cases/Research Grants - Initial Proposal/Start Application (TC3)

2018-06-20 23:48:30 - [TEST_STEP][PASSED] - click: Object: 'Object Repository/Research Grants - Initial Proposal/Start Application (TC3)/Page_Portal homepage - Gordon Testi/a_Application Portal' is clicked on

2018-06-20 23:48:33 - [MESSAGE][PASSED] - Object: 'Object Repository/Research Grants - Initial Proposal/Start Application (TC3)/Page_Portal homepage - Gordon Testi/a_Application Portal' is clicked on

2018-06-20 23:48:33 - [TEST_STEP][PASSED] - verifyElementPresent: Object 'Object Repository/Research Grants - Initial Proposal/Start Application (TC3)/Page_My applications - Gordon Testi/div_Research Grants - Initial' is present

2018-06-20 23:48:33 - [MESSAGE][WARNING] - Timeout '0' is invalid. Using default page load timeout: '30'

2018-06-20 23:48:33 - [MESSAGE][PASSED] - Object 'Object Repository/Research Grants - Initial Proposal/Start Application (TC3)/Page_My applications - Gordon Testi/div_Research Grants - Initial' is present

2018-06-20 23:48:33 - [TEST_STEP][PASSED] - click: Object: 'Object Repository/Research Grants - Initial Proposal/Start Application (TC3)/Page_My applications - Gordon Testi/a_Start' is clicked on

2018-06-20 23:48:35 - [MESSAGE][PASSED] - Object: 'Object Repository/Research Grants - Initial Proposal/Start Application (TC3)/Page_My applications - Gordon Testi/a_Start' is clicked on

2018-06-20 23:48:35 - [TEST_STEP][PASSED] - verifyElementPresent: Object 'Object Repository/Research Grants - Initial Proposal/Start Application (TC3)/Page_Start an application - Gordon/div_fx-contactfulladdnotesubmi' is present

2018-06-20 23:48:35 - [MESSAGE][WARNING] - Timeout '0' is invalid. Using default page load timeout: '30'

2018-06-20 23:48:35 - [MESSAGE][PASSED] - Object 'Object Repository/Research Grants - Initial Proposal/Start Application (TC3)/Page_Start an application - Gordon/div_fx-contactfulladdnotesubmi' is present

2018-06-20 23:48:35 - [TEST_STEP][PASSED] - click: Object: 'Object Repository/Research Grants - Initial Proposal/Start Application (TC3)/Page_Start an application - Gordon/input_ctl00MainContentchkAgree' is clicked on

2018-06-20 23:48:35 - [MESSAGE][PASSED] - Object: 'Object Repository/Research Grants - Initial Proposal/Start Application (TC3)/Page_Start an application - Gordon/input_ctl00MainContentchkAgree' is clicked on

2018-06-20 23:48:35 - [TEST_STEP][PASSED] - click: Object: 'Object Repository/Research Grants - Initial Proposal/Start Application (TC3)/Page_Start an application - Gordon/input_ctl00MainContentbtnStart' is clicked on

2018-06-20 23:48:36 - [MESSAGE][PASSED] - Object: 'Object Repository/Research Grants - Initial Proposal/Start Application (TC3)/Page_Start an application - Gordon/input_ctl00MainContentbtnStart' is clicked on

2018-06-20 23:48:36 - [MESSAGE][PASSED] - Call Test Case 'Test Cases/Research Grants - Initial Proposal/Start Application (TC3)' successfully

2018-06-20 23:48:36 - [TEST_STEP][PASSED] - comment: End tour

2018-06-20 23:48:36 - [TEST_STEP][PASSED] - callTestCase: Call Test Case 'Test Cases/Research Grants - Initial Proposal/Guided Tour (TC3)' successfully

2018-06-20 23:48:36 - [TEST_CASE][PASSED] - Test Cases/Research Grants - Initial Proposal/Guided Tour (TC3): Test Cases/Research Grants - Initial Proposal/Guided Tour (TC3)

2018-06-20 23:48:37 - [TEST_STEP][PASSED] - verifyElementPresent: Object 'Object Repository/Research Grants - Initial Proposal/Guided Tour (TC3)/Page_Application form - Gordon Test/div_Guided TourLet us show you' is present

2018-06-20 23:48:37 - [MESSAGE][WARNING] - Timeout '0' is invalid. Using default page load timeout: '30'

2018-06-20 23:48:37 - [MESSAGE][PASSED] - Object 'Object Repository/Research Grants - Initial Proposal/Guided Tour (TC3)/Page_Application form - Gordon Test/div_Guided TourLet us show you' is present

2018-06-20 23:48:37 - [TEST_STEP][PASSED] - click: Object: 'Object Repository/Research Grants - Initial Proposal/Guided Tour (TC3)/Page_Application form - Gordon Test/button_' is clicked on

2018-06-20 23:48:37 - [MESSAGE][PASSED] - Object: 'Object Repository/Research Grants - Initial Proposal/Guided Tour (TC3)/Page_Application form - Gordon Test/button_' is clicked on

2018-06-20 23:48:37 - [MESSAGE][PASSED] - Call Test Case 'Test Cases/Research Grants - Initial Proposal/Guided Tour (TC3)' successfully

2018-06-20 23:48:37 - [TEST_STEP][PASSED] - comment: Verify percentage complete

2018-06-20 23:48:37 - [TEST_STEP][PASSED] - verifyElementPresent: Object 'Object Repository/TC3_Verify Completion of Standard Application/Page_Application form - Gordon Test/div_0 complete' is present

2018-06-20 23:48:37 - [MESSAGE][WARNING] - Timeout '0' is invalid. Using default page load timeout: '30'

2018-06-20 23:48:37 - [MESSAGE][PASSED] - Object 'Object Repository/TC3_Verify Completion of Standard Application/Page_Application form - Gordon Test/div_0 complete' is present

2018-06-20 23:48:37 - [TEST_STEP][PASSED] - comment: Generate PDF

2018-06-20 23:48:37 - [TEST_STEP][NOT_RUN] - callTestCase: NOT_RUN: callTestCase

2018-06-20 23:48:37 - [MESSAGE][NOT_RUN] - NOT_RUN: callTestCase

2018-06-20 23:48:37 - [TEST_STEP][PASSED] - comment: Confirm default status of pages

2018-06-20 23:48:37 - [TEST_STEP][PASSED] - verifyElementPresent: Object 'Object Repository/TC3_Verify Completion of Standard Application/Page_Application form - Gordon Test/span_Not Started' is present

2018-06-20 23:48:37 - [MESSAGE][WARNING] - Timeout '0' is invalid. Using default page load timeout: '30'

2018-06-20 23:48:37 - [MESSAGE][PASSED] - Object 'Object Repository/TC3_Verify Completion of Standard Application/Page_Application form - Gordon Test/span_Not Started' is present

2018-06-20 23:48:37 - [TEST_STEP][PASSED] - verifyElementPresent: Object 'Object Repository/TC3_Verify Completion of Standard Application/Page_Application form - Gordon Test/span_Not Started_1' is present

2018-06-20 23:48:37 - [MESSAGE][WARNING] - Timeout '0' is invalid. Using default page load timeout: '30'

2018-06-20 23:48:37 - [MESSAGE][PASSED] - Object 'Object Repository/TC3_Verify Completion of Standard Application/Page_Application form - Gordon Test/span_Not Started_1' is present

2018-06-20 23:48:37 - [TEST_STEP][PASSED] - verifyElementPresent: Object 'Object Repository/TC3_Verify Completion of Standard Application/Page_Application form - Gordon Test/span_Not Started_2' is present

2018-06-20 23:48:37 - [MESSAGE][WARNING] - Timeout '0' is invalid. Using default page load timeout: '30'

2018-06-20 23:48:37 - [MESSAGE][PASSED] - Object 'Object Repository/TC3_Verify Completion of Standard Application/Page_Application form - Gordon Test/span_Not Started_2' is present

2018-06-20 23:48:37 - [TEST_STEP][PASSED] - verifyElementPresent: Object 'Object Repository/TC3_Verify Completion of Standard Application/Page_Application form - Gordon Test/span_Not Started_3' is present

2018-06-20 23:48:37 - [MESSAGE][WARNING] - Timeout '0' is invalid. Using default page load timeout: '30'

2018-06-20 23:48:37 - [MESSAGE][PASSED] - Object 'Object Repository/TC3_Verify Completion of Standard Application/Page_Application form - Gordon Test/span_Not Started_3' is present

2018-06-20 23:48:37 - [TEST_STEP][PASSED] - comment: Start first page

2018-06-20 23:48:37 - [TEST_STEP][PASSED] - click: Object: 'Object Repository/TC3_Verify Completion of Standard Application/Page_Application form - Gordon Test/a_Start' is clicked on

2018-06-20 23:48:39 - [MESSAGE][PASSED] - Object: 'Object Repository/TC3_Verify Completion of Standard Application/Page_Application form - Gordon Test/a_Start' is clicked on

2018-06-20 23:48:39 - [TEST_STEP][PASSED] - comment: Page 1 of 4

2018-06-20 23:48:39 - [TEST_STEP][PASSED] - callTestCase: Call Test Case 'Test Cases/Research Grants - Initial Proposal/Page 1 of 4/Save and Verify Page Errors (TC3)' successfully

2018-06-20 23:48:39 - [TEST_CASE][PASSED] - Test Cases/Research Grants - Initial Proposal/Page 1 of 4/Save and Verify Page Errors (TC3): Test Cases/Research Grants - Initial Proposal/Page 1 of 4/Save and Verify Page Errors (TC3)

2018-06-20 23:48:39 - [TEST_STEP][PASSED] - click: Object: 'Object Repository/Research Grants - Initial Proposal/Page 1 of 4/Save and Verify Page Errors (TC3)/Page_Application form - Gordon Test/a_Save progress' is clicked on

2018-06-20 23:48:40 - [MESSAGE][PASSED] - Object: 'Object Repository/Research Grants - Initial Proposal/Page 1 of 4/Save and Verify Page Errors (TC3)/Page_Application form - Gordon Test/a_Save progress' is clicked on

2018-06-20 23:48:40 - [TEST_STEP][PASSED] - verifyElementPresent: Object 'Object Repository/Research Grants - Initial Proposal/Page 1 of 4/Save and Verify Page Errors (TC3)/Page_Application form - Gordon Test/div_There were some problems w' is present

2018-06-20 23:48:40 - [MESSAGE][WARNING] - Timeout '0' is invalid. Using default page load timeout: '30'

2018-06-20 23:48:40 - [MESSAGE][PASSED] - Object 'Object Repository/Research Grants - Initial Proposal/Page 1 of 4/Save and Verify Page Errors (TC3)/Page_Application form - Gordon Test/div_There were some problems w' is present

2018-06-20 23:48:40 - [TEST_STEP][PASSED] - verifyElementPresent: Object 'Object Repository/Research Grants - Initial Proposal/Page 1 of 4/Save and Verify Page Errors (TC3)/Page_Application form - Gordon Test/div_We have identified the fol' is present

2018-06-20 23:48:40 - [MESSAGE][WARNING] - Timeout '0' is invalid. Using default page load timeout: '30'

2018-06-20 23:48:40 - [MESSAGE][PASSED] - Object 'Object Repository/Research Grants - Initial Proposal/Page 1 of 4/Save and Verify Page Errors (TC3)/Page_Application form - Gordon Test/div_We have identified the fol' is present

2018-06-20 23:48:40 - [TEST_STEP][PASSED] - verifyElementPresent: Object 'Object Repository/Research Grants - Initial Proposal/Page 1 of 4/Save and Verify Page Errors (TC3)/Page_Application form - Gordon Test/li_Warning - You must provide' is present

2018-06-20 23:48:40 - [MESSAGE][WARNING] - Timeout '0' is invalid. Using default page load timeout: '30'

2018-06-20 23:48:40 - [MESSAGE][PASSED] - Object 'Object Repository/Research Grants - Initial Proposal/Page 1 of 4/Save and Verify Page Errors (TC3)/Page_Application form - Gordon Test/li_Warning - You must provide' is present

2018-06-20 23:48:40 - [TEST_STEP][NOT_RUN] - verifyElementPresent: NOT_RUN: verifyElementPresent

2018-06-20 23:48:40 - [MESSAGE][NOT_RUN] - NOT_RUN: verifyElementPresent

2018-06-20 23:48:40 - [MESSAGE][PASSED] - Call Test Case 'Test Cases/Research Grants - Initial Proposal/Page 1 of 4/Save and Verify Page Errors (TC3)' successfully

2018-06-20 23:48:40 - [TEST_STEP][PASSED] - callTestCase: Call Test Case 'Test Cases/Research Grants - Initial Proposal/Page 1 of 4/Question 1 (Radio List)' successfully

2018-06-20 23:48:40 - [TEST_CASE][PASSED] - Test Cases/Research Grants - Initial Proposal/Page 1 of 4/Question 1 (Radio List): Test Cases/Research Grants - Initial Proposal/Page 1 of 4/Question 1 (Radio List)

2018-06-20 23:48:41 - [TEST_STEP][PASSED] - click: Object: 'Object Repository/Research Grants - Initial Proposal/Page 1 of 4/Question 1 (Radio List)/Page_Application form - Gordon Test/input_ctl00MainContentctl00ucF_1' is clicked on

2018-06-20 23:48:41 - [MESSAGE][PASSED] - Object: 'Object Repository/Research Grants - Initial Proposal/Page 1 of 4/Question 1 (Radio List)/Page_Application form - Gordon Test/input_ctl00MainContentctl00ucF_1' is clicked on

2018-06-20 23:48:41 - [TEST_STEP][PASSED] - verifyElementPresent: Object 'Object Repository/Research Grants - Initial Proposal/Page 1 of 4/Question 1 (Radio List)/Page_Application form - Gordon Test/span_Unfortunately you are not' is present

2018-06-20 23:48:41 - [MESSAGE][WARNING] - Timeout '0' is invalid. Using default page load timeout: '30'

2018-06-20 23:48:41 - [MESSAGE][PASSED] - Object 'Object Repository/Research Grants - Initial Proposal/Page 1 of 4/Question 1 (Radio List)/Page_Application form - Gordon Test/span_Unfortunately you are not' is present

2018-06-20 23:48:41 - [TEST_STEP][PASSED] - click: Object: 'Object Repository/Research Grants - Initial Proposal/Page 1 of 4/Question 1 (Radio List)/Page_Application form - Gordon Test/input_ctl00MainContentctl00ucF_2' is clicked on

2018-06-20 23:48:41 - [MESSAGE][PASSED] - Object: 'Object Repository/Research Grants - Initial Proposal/Page 1 of 4/Question 1 (Radio List)/Page_Application form - Gordon Test/input_ctl00MainContentctl00ucF_2' is clicked on

2018-06-20 23:48:41 - [MESSAGE][PASSED] - Call Test Case 'Test Cases/Research Grants - Initial Proposal/Page 1 of 4/Question 1 (Radio List)' successfully

2018-06-20 23:48:41 - [TEST_STEP][PASSED] - comment: Navigate to next page

2018-06-20 23:48:41 - [TEST_STEP][PASSED] - click: Object: 'Object Repository/TC3_Verify Completion of Standard Application/Page_Application form - Gordon Test/a_Next page' is clicked on

2018-06-20 23:48:43 - [MESSAGE][PASSED] - Object: 'Object Repository/TC3_Verify Completion of Standard Application/Page_Application form - Gordon Test/a_Next page' is clicked on

2018-06-20 23:48:43 - [TEST_STEP][PASSED] - comment: Page 2 of 4

2018-06-20 23:48:43 - [TEST_STEP][NOT_RUN] - callTestCase: NOT_RUN: callTestCase

2018-06-20 23:48:43 - [MESSAGE][NOT_RUN] - NOT_RUN: callTestCase

2018-06-20 23:48:43 - [TEST_STEP][PASSED] - callTestCase: Call Test Case 'Test Cases/Research Grants - Initial Proposal/Page 2 of 4/Question 2 (GMS Organisation)' successfully

2018-06-20 23:48:43 - [TEST_CASE][PASSED] - Test Cases/Research Grants - Initial Proposal/Page 2 of 4/Question 2 (GMS Organisation): Test Cases/Research Grants - Initial Proposal/Page 2 of 4/Question 2 (GMS Organisation)

2018-06-20 23:48:44 - [TEST_STEP][NOT_RUN] - verifyElementPresent: NOT_RUN: verifyElementPresent

2018-06-20 23:48:44 - [MESSAGE][NOT_RUN] - NOT_RUN: verifyElementPresent

2018-06-20 23:48:44 - [TEST_STEP][PASSED] - click: Object: 'Object Repository/Research Grants - Initial Proposal/Page 2 of 4/Question 2 (GMS Organisation)/Page_Application form - Gordon Test/a_Add organisation' is clicked on

2018-06-20 23:48:44 - [MESSAGE][PASSED] - Object: 'Object Repository/Research Grants - Initial Proposal/Page 2 of 4/Question 2 (GMS Organisation)/Page_Application form - Gordon Test/a_Add organisation' is clicked on

2018-06-20 23:48:44 - [TEST_STEP][PASSED] - setText: Text 'Test Org' is set on object 'Object Repository/Research Grants - Initial Proposal/Page 2 of 4/Question 2 (GMS Organisation)/Page_Application form - Gordon Test/input_ctl00MainContentctl00ucF_7'

2018-06-20 23:48:45 - [MESSAGE][PASSED] - Text 'Test Org' is set on object 'Object Repository/Research Grants - Initial Proposal/Page 2 of 4/Question 2 (GMS Organisation)/Page_Application form - Gordon Test/input_ctl00MainContentctl00ucF_7'

2018-06-20 23:48:45 - [TEST_STEP][PASSED] - click: Object: 'Object Repository/Research Grants - Initial Proposal/Page 2 of 4/Question 2 (GMS Organisation)/Page_Application form - Gordon Test/a_select' is clicked on

2018-06-20 23:48:45 - [MESSAGE][PASSED] - Object: 'Object Repository/Research Grants - Initial Proposal/Page 2 of 4/Question 2 (GMS Organisation)/Page_Application form - Gordon Test/a_select' is clicked on

2018-06-20 23:48:45 - [TEST_STEP][PASSED] - click: Object: 'Object Repository/Research Grants - Initial Proposal/Page 2 of 4/Question 2 (GMS Organisation)/Page_Application form - Gordon Test/li_General' is clicked on

2018-06-20 23:48:45 - [MESSAGE][PASSED] - Object: 'Object Repository/Research Grants - Initial Proposal/Page 2 of 4/Question 2 (GMS Organisation)/Page_Application form - Gordon Test/li_General' is clicked on

2018-06-20 23:48:45 - [TEST_STEP][PASSED] - verifyElementPresent: Object 'Object Repository/Research Grants - Initial Proposal/Page 2 of 4/Question 2 (GMS Organisation)/Page_Application form - Gordon Test/input_ctl00MainContentctl00ucF_12' is present

2018-06-20 23:48:45 - [MESSAGE][WARNING] - Timeout '0' is invalid. Using default page load timeout: '30'

2018-06-20 23:48:45 - [MESSAGE][PASSED] - Object 'Object Repository/Research Grants - Initial Proposal/Page 2 of 4/Question 2 (GMS Organisation)/Page_Application form - Gordon Test/input_ctl00MainContentctl00ucF_12' is present

2018-06-20 23:48:45 - [TEST_STEP][PASSED] - click: Object: 'Object Repository/Research Grants - Initial Proposal/Page 2 of 4/Question 2 (GMS Organisation)/Page_Application form - Gordon Test/input_ctl00MainContentctl00ucF_12' is clicked on

2018-06-20 23:48:45 - [MESSAGE][PASSED] - Object: 'Object Repository/Research Grants - Initial Proposal/Page 2 of 4/Question 2 (GMS Organisation)/Page_Application form - Gordon Test/input_ctl00MainContentctl00ucF_12' is clicked on

2018-06-20 23:48:45 - [TEST_STEP][PASSED] - setText: Text '0987654321' is set on object 'Object Repository/Research Grants - Initial Proposal/Page 2 of 4/Question 2 (GMS Organisation)/Page_Application form - Gordon Test/input_ctl00MainContentctl00ucF_8'

2018-06-20 23:48:45 - [MESSAGE][PASSED] - Text '0987654321' is set on object 'Object Repository/Research Grants - Initial Proposal/Page 2 of 4/Question 2 (GMS Organisation)/Page_Application form - Gordon Test/input_ctl00MainContentctl00ucF_8'

2018-06-20 23:48:45 - [TEST_STEP][PASSED] - setText: Text 'test.org@sharklasers.com' is set on object 'Object Repository/Research Grants - Initial Proposal/Page 2 of 4/Question 2 (GMS Organisation)/Page_Application form - Gordon Test/input_ctl00MainContentctl00ucF_9'

2018-06-20 23:48:46 - [MESSAGE][PASSED] - Text 'test.org@sharklasers.com' is set on object 'Object Repository/Research Grants - Initial Proposal/Page 2 of 4/Question 2 (GMS Organisation)/Page_Application form - Gordon Test/input_ctl00MainContentctl00ucF_9'

2018-06-20 23:48:46 - [TEST_STEP][PASSED] - setText: Text '1 Test Org' is set on object 'Object Repository/Research Grants - Initial Proposal/Page 2 of 4/Question 2 (GMS Organisation)/Page_Application form - Gordon Test/input_ctl00MainContentctl00ucF_10'

2018-06-20 23:48:46 - [MESSAGE][PASSED] - Text '1 Test Org' is set on object 'Object Repository/Research Grants - Initial Proposal/Page 2 of 4/Question 2 (GMS Organisation)/Page_Application form - Gordon Test/input_ctl00MainContentctl00ucF_10'

2018-06-20 23:48:46 - [TEST_STEP][PASSED] - setText: Text 'Org Town' is set on object 'Object Repository/Research Grants - Initial Proposal/Page 2 of 4/Question 2 (GMS Organisation)/Page_Application form - Gordon Test/input_ctl00MainContentctl00ucF_11'

2018-06-20 23:48:46 - [MESSAGE][PASSED] - Text 'Org Town' is set on object 'Object Repository/Research Grants - Initial Proposal/Page 2 of 4/Question 2 (GMS Organisation)/Page_Application form - Gordon Test/input_ctl00MainContentctl00ucF_11'

2018-06-20 23:48:46 - [TEST_STEP][PASSED] - click: Object: 'Object Repository/Research Grants - Initial Proposal/Page 2 of 4/Question 2 (GMS Organisation)/Page_Application form - Gordon Test/input_ctl00MainContentctl00ucF_13' is clicked on

2018-06-20 23:48:47 - [MESSAGE][PASSED] - Object: 'Object Repository/Research Grants - Initial Proposal/Page 2 of 4/Question 2 (GMS Organisation)/Page_Application form - Gordon Test/input_ctl00MainContentctl00ucF_13' is clicked on

2018-06-20 23:48:47 - [MESSAGE][PASSED] - Call Test Case 'Test Cases/Research Grants - Initial Proposal/Page 2 of 4/Question 2 (GMS Organisation)' successfully

2018-06-20 23:48:47 - [TEST_STEP][PASSED] - comment: Save page so that file upload control reloads (temp)

2018-06-20 23:48:47 - [TEST_STEP][PASSED] - click: Object: 'Object Repository/TC3_Verify Completion of Standard Application/Page_Application form - Gordon Test/a_Save progress_1' is clicked on

2018-06-20 23:48:49 - [MESSAGE][PASSED] - Object: 'Object Repository/TC3_Verify Completion of Standard Application/Page_Application form - Gordon Test/a_Save progress_1' is clicked on

2018-06-20 23:48:49 - [TEST_STEP][PASSED] - callTestCase: Call Test Case 'Test Cases/Research Grants - Initial Proposal/Page 2 of 4/Question 3 (File Upload)' successfully

2018-06-20 23:48:49 - [TEST_CASE][PASSED] - Test Cases/Research Grants - Initial Proposal/Page 2 of 4/Question 3 (File Upload): Test Cases/Research Grants - Initial Proposal/Page 2 of 4/Question 3 (File Upload)

2018-06-20 23:48:50 - [TEST_STEP][PASSED] - uploadFile: File 'C:\\Users\\GordonSloan\\My Stuff\\Testing\\Testing Resources\\Date Time Merge Test.docx' sent to object: 'Object Repository/Research Grants - Initial Proposal/Page 2 of 4/Question 3 (File Upload)/Page_Application form - Gordon Test/input_files'

2018-06-20 23:48:50 - [MESSAGE][PASSED] - File 'C:\\Users\\GordonSloan\\My Stuff\\Testing\\Testing Resources\\Date Time Merge Test.docx' sent to object: 'Object Repository/Research Grants - Initial Proposal/Page 2 of 4/Question 3 (File Upload)/Page_Application form - Gordon Test/input_files'

2018-06-20 23:48:50 - [MESSAGE][PASSED] - Call Test Case 'Test Cases/Research Grants - Initial Proposal/Page 2 of 4/Question 3 (File Upload)' successfully

2018-06-20 23:48:50 - [TEST_STEP][NOT_RUN] - callTestCase: NOT_RUN: callTestCase

2018-06-20 23:48:50 - [MESSAGE][NOT_RUN] - NOT_RUN: callTestCase

2018-06-20 23:48:50 - [TEST_STEP][NOT_RUN] - callTestCase: NOT_RUN: callTestCase

2018-06-20 23:48:50 - [MESSAGE][NOT_RUN] - NOT_RUN: callTestCase

2018-06-20 23:48:50 - [TEST_STEP][NOT_RUN] - callTestCase: NOT_RUN: callTestCase

2018-06-20 23:48:50 - [MESSAGE][NOT_RUN] - NOT_RUN: callTestCase

2018-06-20 23:48:50 - [TEST_STEP][PASSED] - comment: Navigate to next page

2018-06-20 23:48:50 - [TEST_STEP][PASSED] - click: Object: 'Object Repository/TC3_Verify Completion of Standard Application/Page_Application form - Gordon Test/a_Next page' is clicked on

2018-06-20 23:48:52 - [MESSAGE][PASSED] - Object: 'Object Repository/TC3_Verify Completion of Standard Application/Page_Application form - Gordon Test/a_Next page' is clicked on

2018-06-20 23:48:52 - [TEST_STEP][PASSED] - comment: Page 3 of 4

2018-06-20 23:48:52 - [TEST_STEP][PASSED] - comment: Verify percentage complete

2018-06-20 23:48:52 - [TEST_STEP][PASSED] - verifyElementPresent: Object 'Object Repository/TC3_Verify Completion of Standard Application/Page_Application form - Gordon Test/div_50 complete' is present

2018-06-20 23:48:52 - [MESSAGE][WARNING] - Timeout '0' is invalid. Using default page load timeout: '30'

2018-06-20 23:48:52 - [MESSAGE][PASSED] - Object 'Object Repository/TC3_Verify Completion of Standard Application/Page_Application form - Gordon Test/div_50 complete' is present

2018-06-20 23:48:52 - [TEST_STEP][NOT_RUN] - verifyElementPresent: NOT_RUN: verifyElementPresent

2018-06-20 23:48:52 - [MESSAGE][NOT_RUN] - NOT_RUN: verifyElementPresent

2018-06-20 23:48:52 - [TEST_STEP][PASSED] - callTestCase: Call Test Case 'Test Cases/Research Grants - Initial Proposal/Page 3 of 4/Question 1 (Textbox)' successfully

2018-06-20 23:48:52 - [TEST_CASE][PASSED] - Test Cases/Research Grants - Initial Proposal/Page 3 of 4/Question 1 (Textbox): Test Cases/Research Grants - Initial Proposal/Page 3 of 4/Question 1 (Textbox)

2018-06-20 23:48:52 - [TEST_STEP][PASSED] - setText: Text 'Project title' is set on object 'Object Repository/Research Grants - Initial Proposal/Page 3 of 4/Question 1 (Textbox)/input_ctl00MainContentctl00ucF'

2018-06-20 23:48:53 - [MESSAGE][PASSED] - Text 'Project title' is set on object 'Object Repository/Research Grants - Initial Proposal/Page 3 of 4/Question 1 (Textbox)/input_ctl00MainContentctl00ucF'

2018-06-20 23:48:53 - [MESSAGE][PASSED] - Call Test Case 'Test Cases/Research Grants - Initial Proposal/Page 3 of 4/Question 1 (Textbox)' successfully

2018-06-20 23:48:53 - [TEST_STEP][PASSED] - callTestCase: Call Test Case 'Test Cases/Research Grants - Initial Proposal/Page 3 of 4/Question 2 (Multiline Textbox)' successfully

2018-06-20 23:48:53 - [TEST_CASE][PASSED] - Test Cases/Research Grants - Initial Proposal/Page 3 of 4/Question 2 (Multiline Textbox): Test Cases/Research Grants - Initial Proposal/Page 3 of 4/Question 2 (Multiline Textbox)

2018-06-20 23:48:53 - [TEST_STEP][PASSED] - setText: Text 'Abstract for planned work goes here' is set on object 'Object Repository/Research Grants - Initial Proposal/Page 3 of 4/Question 2 (Multiline Textbox)/Page_Application form - Gordon Test/textarea_ctl00MainContentctl00_5'

2018-06-20 23:48:53 - [MESSAGE][PASSED] - Text 'Abstract for planned work goes here' is set on object 'Object Repository/Research Grants - Initial Proposal/Page 3 of 4/Question 2 (Multiline Textbox)/Page_Application form - Gordon Test/textarea_ctl00MainContentctl00_5'

2018-06-20 23:48:53 - [MESSAGE][PASSED] - Call Test Case 'Test Cases/Research Grants - Initial Proposal/Page 3 of 4/Question 2 (Multiline Textbox)' successfully

2018-06-20 23:48:53 - [TEST_STEP][PASSED] - callTestCase: Call Test Case 'Test Cases/Research Grants - Initial Proposal/Page 3 of 4/Question 3 (Multiline Textbox)' successfully

2018-06-20 23:48:53 - [TEST_CASE][PASSED] - Test Cases/Research Grants - Initial Proposal/Page 3 of 4/Question 3 (Multiline Textbox): Test Cases/Research Grants - Initial Proposal/Page 3 of 4/Question 3 (Multiline Textbox)

2018-06-20 23:48:53 - [TEST_STEP][PASSED] - setText: Text 'Abstract for research' is set on object 'Object Repository/Research Grants - Initial Proposal/Page 3 of 4/Question 3 (Multiline Textbox)/Page_Application form - Gordon Test/textarea_ctl00MainContentctl00_6'

2018-06-20 23:48:54 - [MESSAGE][PASSED] - Text 'Abstract for research' is set on object 'Object Repository/Research Grants - Initial Proposal/Page 3 of 4/Question 3 (Multiline Textbox)/Page_Application form - Gordon Test/textarea_ctl00MainContentctl00_6'

2018-06-20 23:48:54 - [MESSAGE][PASSED] - Call Test Case 'Test Cases/Research Grants - Initial Proposal/Page 3 of 4/Question 3 (Multiline Textbox)' successfully

2018-06-20 23:48:54 - [TEST_STEP][PASSED] - callTestCase: Call Test Case 'Test Cases/Research Grants - Initial Proposal/Page 3 of 4/Question 4 (Date Field)' successfully

2018-06-20 23:48:54 - [TEST_CASE][PASSED] - Test Cases/Research Grants - Initial Proposal/Page 3 of 4/Question 4 (Date Field): Test Cases/Research Grants - Initial Proposal/Page 3 of 4/Question 4 (Date Field)

2018-06-20 23:48:54 - [TEST_STEP][PASSED] - verifyElementPresent: Object 'Object Repository/Research Grants - Initial Proposal/Page 3 of 4/Question 4 (Date Field)/Page_Application form - Gordon Test/input_ctl00MainContentctl00ucF_29' is present

2018-06-20 23:48:54 - [MESSAGE][WARNING] - Timeout '0' is invalid. Using default page load timeout: '30'

2018-06-20 23:48:54 - [MESSAGE][PASSED] - Object 'Object Repository/Research Grants - Initial Proposal/Page 3 of 4/Question 4 (Date Field)/Page_Application form - Gordon Test/input_ctl00MainContentctl00ucF_29' is present

2018-06-20 23:48:54 - [MESSAGE][PASSED] - Call Test Case 'Test Cases/Research Grants - Initial Proposal/Page 3 of 4/Question 4 (Date Field)' successfully

2018-06-20 23:48:54 - [TEST_STEP][PASSED] - callTestCase: Call Test Case 'Test Cases/Research Grants - Initial Proposal/Page 3 of 4/Question 5 (Date Field)' successfully

2018-06-20 23:48:54 - [TEST_CASE][PASSED] - Test Cases/Research Grants - Initial Proposal/Page 3 of 4/Question 5 (Date Field): Test Cases/Research Grants - Initial Proposal/Page 3 of 4/Question 5 (Date Field)

2018-06-20 23:48:54 - [TEST_STEP][PASSED] - verifyElementPresent: Object 'Object Repository/Research Grants - Initial Proposal/Page 3 of 4/Question 5 (Date Field)/Page_Application form - Gordon Test/input_ctl00MainContentctl00ucF_30' is present

2018-06-20 23:48:54 - [MESSAGE][WARNING] - Timeout '0' is invalid. Using default page load timeout: '30'

2018-06-20 23:48:54 - [MESSAGE][PASSED] - Object 'Object Repository/Research Grants - Initial Proposal/Page 3 of 4/Question 5 (Date Field)/Page_Application form - Gordon Test/input_ctl00MainContentctl00ucF_30' is present

2018-06-20 23:48:54 - [MESSAGE][PASSED] - Call Test Case 'Test Cases/Research Grants - Initial Proposal/Page 3 of 4/Question 5 (Date Field)' successfully

2018-06-20 23:48:54 - [TEST_STEP][PASSED] - callTestCase: Call Test Case 'Test Cases/Research Grants - Initial Proposal/Page 3 of 4/Question 6 (Radio List)' successfully

2018-06-20 23:48:54 - [TEST_CASE][PASSED] - Test Cases/Research Grants - Initial Proposal/Page 3 of 4/Question 6 (Radio List): Test Cases/Research Grants - Initial Proposal/Page 3 of 4/Question 6 (Radio List)

2018-06-20 23:48:54 - [TEST_STEP][PASSED] - click: Object: 'Object Repository/Research Grants - Initial Proposal/Page 3 of 4/Question 6 (Radio List)/Page_Application form - Gordon Test/input_ctl00MainContentctl00ucF_31' is clicked on

2018-06-20 23:48:54 - [MESSAGE][PASSED] - Object: 'Object Repository/Research Grants - Initial Proposal/Page 3 of 4/Question 6 (Radio List)/Page_Application form - Gordon Test/input_ctl00MainContentctl00ucF_31' is clicked on

2018-06-20 23:48:54 - [MESSAGE][PASSED] - Call Test Case 'Test Cases/Research Grants - Initial Proposal/Page 3 of 4/Question 6 (Radio List)' successfully

2018-06-20 23:48:54 - [TEST_STEP][PASSED] - comment: Navigate to next page

2018-06-20 23:48:54 - [TEST_STEP][PASSED] - click: Object: 'Object Repository/TC3_Verify Completion of Standard Application/Page_Application form - Gordon Test/a_Next page' is clicked on

2018-06-20 23:48:56 - [MESSAGE][PASSED] - Object: 'Object Repository/TC3_Verify Completion of Standard Application/Page_Application form - Gordon Test/a_Next page' is clicked on

2018-06-20 23:48:56 - [TEST_STEP][PASSED] - comment: Page 4 of 4

2018-06-20 23:48:56 - [TEST_STEP][PASSED] - comment: Verify percentage complete

2018-06-20 23:48:56 - [TEST_STEP][PASSED] - verifyElementPresent: Object 'Object Repository/TC3_Verify Completion of Standard Application/Page_Application form - Gordon Test/div_75 complete' is present

2018-06-20 23:48:56 - [MESSAGE][WARNING] - Timeout '0' is invalid. Using default page load timeout: '30'

2018-06-20 23:48:56 - [MESSAGE][PASSED] - Object 'Object Repository/TC3_Verify Completion of Standard Application/Page_Application form - Gordon Test/div_75 complete' is present

2018-06-20 23:48:56 - [TEST_STEP][NOT_RUN] - verifyElementPresent: NOT_RUN: verifyElementPresent

2018-06-20 23:48:56 - [MESSAGE][NOT_RUN] - NOT_RUN: verifyElementPresent

2018-06-20 23:48:56 - [TEST_STEP][NOT_RUN] - setText: NOT_RUN: setText

2018-06-20 23:48:56 - [MESSAGE][NOT_RUN] - NOT_RUN: setText

2018-06-20 23:48:56 - [TEST_STEP][NOT_RUN] - setText: NOT_RUN: setText

2018-06-20 23:48:56 - [MESSAGE][NOT_RUN] - NOT_RUN: setText

2018-06-20 23:48:56 - [TEST_STEP][PASSED] - comment: Save page

2018-06-20 23:48:56 - [TEST_STEP][PASSED] - click: Object: 'Object Repository/TC3_Verify Completion of Standard Application/Page_Application form - Gordon Test/a_Save progress_1' is clicked on

2018-06-20 23:48:58 - [MESSAGE][PASSED] - Object: 'Object Repository/TC3_Verify Completion of Standard Application/Page_Application form - Gordon Test/a_Save progress_1' is clicked on

2018-06-20 23:48:58 - [TEST_STEP][PASSED] - comment: Verify percent complete

2018-06-20 23:48:58 - [TEST_STEP][PASSED] - verifyElementPresent: Object 'Object Repository/TC3_Verify Completion of Standard Application/Page_Application form - Gordon Test/div_100 complete' is present

2018-06-20 23:48:58 - [MESSAGE][WARNING] - Timeout '0' is invalid. Using default page load timeout: '30'

2018-06-20 23:48:58 - [MESSAGE][PASSED] - Object 'Object Repository/TC3_Verify Completion of Standard Application/Page_Application form - Gordon Test/div_100 complete' is present

2018-06-20 23:48:58 - [TEST_STEP][NOT_RUN] - verifyElementPresent: NOT_RUN: verifyElementPresent

2018-06-20 23:48:58 - [MESSAGE][NOT_RUN] - NOT_RUN: verifyElementPresent

2018-06-20 23:48:58 - [TEST_STEP][PASSED] - comment: Return to summary

2018-06-20 23:48:58 - [TEST_STEP][PASSED] - click: Object: 'Object Repository/TC3_Verify Completion of Standard Application/Page_Application form - Gordon Test/a_Return to Summary' is clicked on

2018-06-20 23:49:00 - [MESSAGE][PASSED] - Object: 'Object Repository/TC3_Verify Completion of Standard Application/Page_Application form - Gordon Test/a_Return to Summary' is clicked on

2018-06-20 23:49:00 - [TEST_STEP][NOT_RUN] - comment: NOT_RUN: comment

2018-06-20 23:49:00 - [MESSAGE][NOT_RUN] - NOT_RUN: comment

2018-06-20 23:49:00 - [TEST_STEP][NOT_RUN] - click: NOT_RUN: click

2018-06-20 23:49:00 - [MESSAGE][NOT_RUN] - NOT_RUN: click

2018-06-20 23:49:00 - [TEST_STEP][PASSED] - comment: Save progress

2018-06-20 23:49:00 - [TEST_STEP][NOT_RUN] - click: NOT_RUN: click

2018-06-20 23:49:00 - [MESSAGE][NOT_RUN] - NOT_RUN: click

2018-06-20 23:49:00 - [TEST_STEP][PASSED] - comment: Verify percent complete

2018-06-20 23:49:00 - [TEST_STEP][PASSED] - verifyElementPresent: Object 'Object Repository/TC3_Verify Completion of Standard Application/Page_Application form - Gordon Test/div_100 complete' is present

2018-06-20 23:49:00 - [MESSAGE][WARNING] - Timeout '0' is invalid. Using default page load timeout: '30'

2018-06-20 23:49:00 - [MESSAGE][PASSED] - Object 'Object Repository/TC3_Verify Completion of Standard Application/Page_Application form - Gordon Test/div_100 complete' is present

2018-06-20 23:49:00 - [TEST_STEP][PASSED] - verifyElementPresent: Object 'Object Repository/TC3_Verify Completion of Standard Application/Page_Application form - Gordon Test/span_4 of 4 Pages' is present

2018-06-20 23:49:00 - [MESSAGE][WARNING] - Timeout '0' is invalid. Using default page load timeout: '30'

2018-06-20 23:49:00 - [MESSAGE][PASSED] - Object 'Object Repository/TC3_Verify Completion of Standard Application/Page_Application form - Gordon Test/span_4 of 4 Pages' is present

2018-06-20 23:49:00 - [TEST_STEP][PASSED] - verifyElementPresent: Object 'Object Repository/TC3_Verify Completion of Standard Application/Page_Application form - Gordon Test/input_ctl00MainContentctl00ucF_34' is present

2018-06-20 23:49:00 - [MESSAGE][WARNING] - Timeout '0' is invalid. Using default page load timeout: '30'

2018-06-20 23:49:00 - [MESSAGE][PASSED] - Object 'Object Repository/TC3_Verify Completion of Standard Application/Page_Application form - Gordon Test/input_ctl00MainContentctl00ucF_34' is present

2018-06-20 23:49:00 - [TEST_STEP][PASSED] - click: Object: 'Object Repository/TC3_Verify Completion of Standard Application/Page_Application form - Gordon Test/input_ctl00MainContentctl00ucF_34' is clicked on

2018-06-20 23:49:00 - [MESSAGE][PASSED] - Object: 'Object Repository/TC3_Verify Completion of Standard Application/Page_Application form - Gordon Test/input_ctl00MainContentctl00ucF_34' is clicked on

2018-06-20 23:49:00 - [TEST_STEP][PASSED] - click: Object: 'Object Repository/TC3_Verify Completion of Standard Application/Page_Application form - Gordon Test/button_OK' is clicked on

2018-06-20 23:49:00 - [MESSAGE][PASSED] - Object: 'Object Repository/TC3_Verify Completion of Standard Application/Page_Application form - Gordon Test/button_OK' is clicked on

2018-06-20 23:49:00 - [TEST_STEP][PASSED] - verifyElementPresent: Object 'Object Repository/TC3_Verify Completion of Standard Application/Page_Application form - Gordon Test/span_Submitted 08062018' is present

2018-06-20 23:49:00 - [MESSAGE][WARNING] - Timeout '0' is invalid. Using default page load timeout: '30'

2018-06-20 23:49:00 - [MESSAGE][PASSED] - Object 'Object Repository/TC3_Verify Completion of Standard Application/Page_Application form - Gordon Test/span_Submitted 08062018' is present

2018-06-20 23:49:00 - [TEST_STEP][FAILED] - verifyElementPresent: Unable to verify object 'Object Repository/TC3_Verify Completion of Standard Application/Page_Application form - Gordon Test/h2_Your application has been s' is present (Root cause: org.openqa.selenium.WebDriverException: chrome not reachable
  (Session info: chrome=67.0.3396.87)
  (Driver info: chromedriver=2.35.528161 (5b82f2d2aae0ca24b877009200ced9065a772e73),platform=Windows NT 10.0.17134 x86_64) (WARNING: The server did not provide any stacktrace information)
Command duration or timeout: 0 milliseconds
Build info: version: '3.7.1', revision: '8a0099a', time: '2017-11-06T21:07:36.161Z'
System info: host: 'LAPTOP-1SON56RS', ip: '192.168.1.163', os.name: 'Windows 10', os.arch: 'amd64', os.version: '10.0', java.version: '1.8.0_102'
Driver info: com.kms.katalon.selenium.driver.CChromeDriver
Capabilities {acceptInsecureCerts: false, acceptSslCerts: false, applicationCacheEnabled: false, browserConnectionEnabled: false, browserName: chrome, chrome: {chromedriverVersion: 2.35.528161 (5b82f2d2aae0ca..., userDataDir: C:\Users\GORDON~1\AppData\L...}, cssSelectorsEnabled: true, databaseEnabled: false, handlesAlerts: true, hasTouchScreen: false, javascriptEnabled: true, locationContextEnabled: true, mobileEmulationEnabled: false, nativeEvents: true, networkConnectionEnabled: false, pageLoadStrategy: normal, platform: XP, platformName: XP, rotatable: false, setWindowRect: true, takesHeapSnapshot: true, takesScreenshot: true, unexpectedAlertBehaviour: , unhandledPromptBehavior: , version: 67.0.3396.87, webStorageEnabled: true}
Session ID: 30ee2362be981bdff35ba4c42ca3fcfb
*** Element info: {Using=xpath, value=//h2[@id = 'MainContent_ctl00_ctl02_h2Title' and (text() = 'Your application has been successfully submitted.' or . = 'Your application has been successfully submitted.')]})

2018-06-20 23:49:00 - [MESSAGE][WARNING] - Timeout '0' is invalid. Using default page load timeout: '30'

2018-06-20 23:49:27 - [MESSAGE][WARNING] - Cannot take screenshot

2018-06-20 23:49:27 - [MESSAGE][FAILED] - Unable to verify object 'Object Repository/TC3_Verify Completion of Standard Application/Page_Application form - Gordon Test/h2_Your application has been s' is present (Root cause: org.openqa.selenium.WebDriverException: chrome not reachable
  (Session info: chrome=67.0.3396.87)
  (Driver info: chromedriver=2.35.528161 (5b82f2d2aae0ca24b877009200ced9065a772e73),platform=Windows NT 10.0.17134 x86_64) (WARNING: The server did not provide any stacktrace information)
Command duration or timeout: 0 milliseconds
Build info: version: '3.7.1', revision: '8a0099a', time: '2017-11-06T21:07:36.161Z'
System info: host: 'LAPTOP-1SON56RS', ip: '192.168.1.163', os.name: 'Windows 10', os.arch: 'amd64', os.version: '10.0', java.version: '1.8.0_102'
Driver info: com.kms.katalon.selenium.driver.CChromeDriver
Capabilities {acceptInsecureCerts: false, acceptSslCerts: false, applicationCacheEnabled: false, browserConnectionEnabled: false, browserName: chrome, chrome: {chromedriverVersion: 2.35.528161 (5b82f2d2aae0ca..., userDataDir: C:\Users\GORDON~1\AppData\L...}, cssSelectorsEnabled: true, databaseEnabled: false, handlesAlerts: true, hasTouchScreen: false, javascriptEnabled: true, locationContextEnabled: true, mobileEmulationEnabled: false, nativeEvents: true, networkConnectionEnabled: false, pageLoadStrategy: normal, platform: XP, platformName: XP, rotatable: false, setWindowRect: true, takesHeapSnapshot: true, takesScreenshot: true, unexpectedAlertBehaviour: , unhandledPromptBehavior: , version: 67.0.3396.87, webStorageEnabled: true}
Session ID: 30ee2362be981bdff35ba4c42ca3fcfb
*** Element info: {Using=xpath, value=//h2[@id = 'MainContent_ctl00_ctl02_h2Title' and (text() = 'Your application has been successfully submitted.' or . = 'Your application has been successfully submitted.')]})]]></system-out>
         <system-err><![CDATA[2018-06-20 23:48:21 - [TEST_CASE][FAILED] - Test Cases/Test Cases - Portal/TC3_Verify Completion of Standard Application: Test Cases/Test Cases - Portal/TC3_Verify Completion of Standard Application FAILED because (of) Unable to verify object 'Object Repository/TC3_Verify Completion of Standard Application/Page_Application form - Gordon Test/h2_Your application has been s' is present (Root cause: org.openqa.selenium.WebDriverException: chrome not reachable
  (Session info: chrome=67.0.3396.87)
  (Driver info: chromedriver=2.35.528161 (5b82f2d2aae0ca24b877009200ced9065a772e73),platform=Windows NT 10.0.17134 x86_64) (WARNING: The server did not provide any stacktrace information)
Command duration or timeout: 0 milliseconds
Build info: version: '3.7.1', revision: '8a0099a', time: '2017-11-06T21:07:36.161Z'
System info: host: 'LAPTOP-1SON56RS', ip: '192.168.1.163', os.name: 'Windows 10', os.arch: 'amd64', os.version: '10.0', java.version: '1.8.0_102'
Driver info: com.kms.katalon.selenium.driver.CChromeDriver
Capabilities {acceptInsecureCerts: false, acceptSslCerts: false, applicationCacheEnabled: false, browserConnectionEnabled: false, browserName: chrome, chrome: {chromedriverVersion: 2.35.528161 (5b82f2d2aae0ca..., userDataDir: C:\Users\GORDON~1\AppData\L...}, cssSelectorsEnabled: true, databaseEnabled: false, handlesAlerts: true, hasTouchScreen: false, javascriptEnabled: true, locationContextEnabled: true, mobileEmulationEnabled: false, nativeEvents: true, networkConnectionEnabled: false, pageLoadStrategy: normal, platform: XP, platformName: XP, rotatable: false, setWindowRect: true, takesHeapSnapshot: true, takesScreenshot: true, unexpectedAlertBehaviour: , unhandledPromptBehavior: , version: 67.0.3396.87, webStorageEnabled: true}
Session ID: 30ee2362be981bdff35ba4c42ca3fcfb
*** Element info: {Using=xpath, value=//h2[@id = 'MainContent_ctl00_ctl02_h2Title' and (text() = 'Your application has been successfully submitted.' or . = 'Your application has been successfully submitted.')]})]]></system-err>
      </testcase>
      <system-out><![CDATA[2018-06-20 23:47:55 - [TEST_SUITE][FAILED] - TS_Demo: Test Cases/Test Cases - Portal/TC3_Verify Completion of Standard Application FAILED because (of) Unable to verify object 'Object Repository/TC3_Verify Completion of Standard Application/Page_Application form - Gordon Test/h2_Your application has been s' is present (Root cause: org.openqa.selenium.WebDriverException: chrome not reachable
  (Session info: chrome=67.0.3396.87)
  (Driver info: chromedriver=2.35.528161 (5b82f2d2aae0ca24b877009200ced9065a772e73),platform=Windows NT 10.0.17134 x86_64) (WARNING: The server did not provide any stacktrace information)
Command duration or timeout: 0 milliseconds
Build info: version: '3.7.1', revision: '8a0099a', time: '2017-11-06T21:07:36.161Z'
System info: host: 'LAPTOP-1SON56RS', ip: '192.168.1.163', os.name: 'Windows 10', os.arch: 'amd64', os.version: '10.0', java.version: '1.8.0_102'
Driver info: com.kms.katalon.selenium.driver.CChromeDriver
Capabilities {acceptInsecureCerts: false, acceptSslCerts: false, applicationCacheEnabled: false, browserConnectionEnabled: false, browserName: chrome, chrome: {chromedriverVersion: 2.35.528161 (5b82f2d2aae0ca..., userDataDir: C:\Users\GORDON~1\AppData\L...}, cssSelectorsEnabled: true, databaseEnabled: false, handlesAlerts: true, hasTouchScreen: false, javascriptEnabled: true, locationContextEnabled: true, mobileEmulationEnabled: false, nativeEvents: true, networkConnectionEnabled: false, pageLoadStrategy: normal, platform: XP, platformName: XP, rotatable: false, setWindowRect: true, takesHeapSnapshot: true, takesScreenshot: true, unexpectedAlertBehaviour: , unhandledPromptBehavior: , version: 67.0.3396.87, webStorageEnabled: true}
Session ID: 30ee2362be981bdff35ba4c42ca3fcfb
*** Element info: {Using=xpath, value=//h2[@id = 'MainContent_ctl00_ctl02_h2Title' and (text() = 'Your application has been successfully submitted.' or . = 'Your application has been successfully submitted.')]})]]></system-out>
      <system-err><![CDATA[2018-06-20 23:47:55 - [TEST_SUITE][FAILED] - TS_Demo: Test Cases/Test Cases - Portal/TC3_Verify Completion of Standard Application FAILED because (of) Unable to verify object 'Object Repository/TC3_Verify Completion of Standard Application/Page_Application form - Gordon Test/h2_Your application has been s' is present (Root cause: org.openqa.selenium.WebDriverException: chrome not reachable
  (Session info: chrome=67.0.3396.87)
  (Driver info: chromedriver=2.35.528161 (5b82f2d2aae0ca24b877009200ced9065a772e73),platform=Windows NT 10.0.17134 x86_64) (WARNING: The server did not provide any stacktrace information)
Command duration or timeout: 0 milliseconds
Build info: version: '3.7.1', revision: '8a0099a', time: '2017-11-06T21:07:36.161Z'
System info: host: 'LAPTOP-1SON56RS', ip: '192.168.1.163', os.name: 'Windows 10', os.arch: 'amd64', os.version: '10.0', java.version: '1.8.0_102'
Driver info: com.kms.katalon.selenium.driver.CChromeDriver
Capabilities {acceptInsecureCerts: false, acceptSslCerts: false, applicationCacheEnabled: false, browserConnectionEnabled: false, browserName: chrome, chrome: {chromedriverVersion: 2.35.528161 (5b82f2d2aae0ca..., userDataDir: C:\Users\GORDON~1\AppData\L...}, cssSelectorsEnabled: true, databaseEnabled: false, handlesAlerts: true, hasTouchScreen: false, javascriptEnabled: true, locationContextEnabled: true, mobileEmulationEnabled: false, nativeEvents: true, networkConnectionEnabled: false, pageLoadStrategy: normal, platform: XP, platformName: XP, rotatable: false, setWindowRect: true, takesHeapSnapshot: true, takesScreenshot: true, unexpectedAlertBehaviour: , unhandledPromptBehavior: , version: 67.0.3396.87, webStorageEnabled: true}
Session ID: 30ee2362be981bdff35ba4c42ca3fcfb
*** Element info: {Using=xpath, value=//h2[@id = 'MainContent_ctl00_ctl02_h2Title' and (text() = 'Your application has been successfully submitted.' or . = 'Your application has been successfully submitted.')]})]]></system-err>
   </testsuite>
</testsuites>
