{"devicePlatform":"","logFolder":"C:\\Workspace\\Test Project\\KatalonTestProject\\Reports\\TS_Demo\\20180620_235043","runData":{"hostName":"GordonSloan - LAPTOP-1SON56RS.home","os":"Windows 10 64bit","katalonVersion":"5.4.2.1","browser":"Chrome 67.0.3396.87","hostAddress":"192.168.1.163","sessionId":"f47eb8652ed1d346cefcba19a2541774","seleniumVersion":"3.7.1","proxyInformation":"ProxyInformation{proxyOption\u003dNO_PROXY, proxyServerType\u003dHTTP, password\u003d, proxyServerAddress\u003d, proxyServerPort\u003d0}","platform":"Windows 10"},"type":"TEST_SUITE","name":"TS_Demo","id":"Test Suites/TS_Demo","source":"","message":"Test Cases/Test Cases - Portal/TC3_Verify Completion of Standard Application FAILED because (of) Unable to click on object \u0027Object Repository/Research Grants - Initial Proposal/Page 2 of 4/Question 2 (GMS Organisation)/Page_Application form - Gordon Test/li_General\u0027 (Root cause: org.openqa.selenium.WebDriverException: unknown error: Element \u003cli class\u003d\"rcbItem\"\u003e...\u003c/li\u003e is not clickable at point (1002, 695). Other element would receive the click: \u003cli class\u003d\"rcbItem\"\u003e...\u003c/li\u003e\n  (Session info: chrome\u003d67.0.3396.87)\n  (Driver info: chromedriver\u003d2.35.528161 (5b82f2d2aae0ca24b877009200ced9065a772e73),platform\u003dWindows NT 10.0.17134 x86_64) (WARNING: The server did not provide any stacktrace information)\nCommand duration or timeout: 0 milliseconds\nBuild info: version: \u00273.7.1\u0027, revision: \u00278a0099a\u0027, time: \u00272017-11-06T21:07:36.161Z\u0027\nSystem info: host: \u0027LAPTOP-1SON56RS\u0027, ip: \u0027192.168.1.163\u0027, os.name: \u0027Windows 10\u0027, os.arch: \u0027amd64\u0027, os.version: \u002710.0\u0027, java.version: \u00271.8.0_102\u0027\nDriver info: com.kms.katalon.selenium.driver.CChromeDriver\nCapabilities {acceptInsecureCerts: false, acceptSslCerts: false, applicationCacheEnabled: false, browserConnectionEnabled: false, browserName: chrome, chrome: {chromedriverVersion: 2.35.528161 (5b82f2d2aae0ca..., userDataDir: C:\\Users\\GORDON~1\\AppData\\L...}, cssSelectorsEnabled: true, databaseEnabled: false, handlesAlerts: true, hasTouchScreen: false, javascriptEnabled: true, locationContextEnabled: true, mobileEmulationEnabled: false, nativeEvents: true, networkConnectionEnabled: false, pageLoadStrategy: normal, platform: XP, platformName: XP, rotatable: false, setWindowRect: true, takesHeapSnapshot: true, takesScreenshot: true, unexpectedAlertBehaviour: , unhandledPromptBehavior: , version: 67.0.3396.87, webStorageEnabled: true}\nSession ID: f47eb8652ed1d346cefcba19a2541774)","description":"","startTime":1529535045454,"endTime":1529535073753,"childRecords":[{"isOptional":false,"type":"TEST_CASE","name":"Test Cases/Test Cases - Portal/TC3_Verify Completion of Standard Application","id":"Test Cases/Test Cases - Portal/TC3_Verify Completion of Standard Application","source":"C:\\\\Workspace\\\\Test Project\\\\KatalonTestProject\\\\Test Cases\\\\Test Cases - Portal\\\\TC3_Verify Completion of Standard Application.tc","message":"Test Cases/Test Cases - Portal/TC3_Verify Completion of Standard Application FAILED because (of) Unable to click on object \u0027Object Repository/Research Grants - Initial Proposal/Page 2 of 4/Question 2 (GMS Organisation)/Page_Application form - Gordon Test/li_General\u0027 (Root cause: org.openqa.selenium.WebDriverException: unknown error: Element \u003cli class\u003d\"rcbItem\"\u003e...\u003c/li\u003e is not clickable at point (1002, 695). Other element would receive the click: \u003cli class\u003d\"rcbItem\"\u003e...\u003c/li\u003e\n  (Session info: chrome\u003d67.0.3396.87)\n  (Driver info: chromedriver\u003d2.35.528161 (5b82f2d2aae0ca24b877009200ced9065a772e73),platform\u003dWindows NT 10.0.17134 x86_64) (WARNING: The server did not provide any stacktrace information)\nCommand duration or timeout: 0 milliseconds\nBuild info: version: \u00273.7.1\u0027, revision: \u00278a0099a\u0027, time: \u00272017-11-06T21:07:36.161Z\u0027\nSystem info: host: \u0027LAPTOP-1SON56RS\u0027, ip: \u0027192.168.1.163\u0027, os.name: \u0027Windows 10\u0027, os.arch: \u0027amd64\u0027, os.version: \u002710.0\u0027, java.version: \u00271.8.0_102\u0027\nDriver info: com.kms.katalon.selenium.driver.CChromeDriver\nCapabilities {acceptInsecureCerts: false, acceptSslCerts: false, applicationCacheEnabled: false, browserConnectionEnabled: false, browserName: chrome, chrome: {chromedriverVersion: 2.35.528161 (5b82f2d2aae0ca..., userDataDir: C:\\Users\\GORDON~1\\AppData\\L...}, cssSelectorsEnabled: true, databaseEnabled: false, handlesAlerts: true, hasTouchScreen: false, javascriptEnabled: true, locationContextEnabled: true, mobileEmulationEnabled: false, nativeEvents: true, networkConnectionEnabled: false, pageLoadStrategy: normal, platform: XP, platformName: XP, rotatable: false, setWindowRect: true, takesHeapSnapshot: true, takesScreenshot: true, unexpectedAlertBehaviour: , unhandledPromptBehavior: , version: 67.0.3396.87, webStorageEnabled: true}\nSession ID: f47eb8652ed1d346cefcba19a2541774)","description":"","startTime":1529535045817,"endTime":1529535072980,"childRecords":[{"testStatus":{"stackTrace":"","statusValue":"INFO"},"type":"MESSAGE","name":"","message":"Evaluating variables for test case","startTime":1529535045865,"endTime":0,"childRecords":[],"interuppted":false},{"index":1,"isIgnoredIfFailed":false,"type":"TEST_STEP","name":"comment","message":"This test has a few issues that need sorted out relating to the Activites question and File Upload","description":"","startTime":1529535046263,"endTime":1529535046311,"childRecords":[],"interuppted":false},{"index":2,"isIgnoredIfFailed":false,"type":"TEST_STEP","name":"comment","message":"Open browser and navigate to test tenant","description":"","startTime":1529535046312,"endTime":1529535046314,"childRecords":[],"interuppted":false},{"index":3,"isIgnoredIfFailed":false,"type":"TEST_STEP","name":"openBrowser","message":"Browser is opened with url: \u0027\u0027","description":"","startTime":1529535046318,"endTime":1529535049233,"childRecords":[{"testStatus":{"stackTrace":"","statusValue":"PASSED"},"type":"MESSAGE","name":"","message":"Browser is opened with url: \u0027\u0027","startTime":1529535049232,"endTime":0,"childRecords":[],"interuppted":false}],"interuppted":false},{"index":4,"isIgnoredIfFailed":false,"type":"TEST_STEP","name":"maximizeWindow","message":"Current window maximized","description":"","startTime":1529535049233,"endTime":1529535050391,"childRecords":[{"testStatus":{"stackTrace":"","statusValue":"PASSED"},"type":"MESSAGE","name":"","message":"Current window maximized","startTime":1529535050389,"endTime":0,"childRecords":[],"interuppted":false}],"interuppted":false},{"index":5,"isIgnoredIfFailed":false,"type":"TEST_STEP","name":"navigateToUrl","message":"Navigate to \u0027https://gordontesting.flexigrant.com/\u0027 successfully","description":"","startTime":1529535050393,"endTime":1529535052118,"childRecords":[{"testStatus":{"stackTrace":"","statusValue":"PASSED"},"type":"MESSAGE","name":"","message":"Navigate to \u0027https://gordontesting.flexigrant.com/\u0027 successfully","startTime":1529535052117,"endTime":0,"childRecords":[],"interuppted":false}],"interuppted":false},{"index":6,"isIgnoredIfFailed":false,"type":"TEST_STEP","name":"comment","message":"Login","description":"","startTime":1529535052118,"endTime":1529535052120,"childRecords":[],"interuppted":false},{"index":7,"isIgnoredIfFailed":false,"type":"TEST_STEP","name":"callTestCase","message":"Call Test Case \u0027Test Cases/Generic Tests/Login\u0027 successfully","description":"","startTime":1529535052121,"endTime":1529535054841,"childRecords":[{"isOptional":false,"type":"TEST_CASE","name":"Test Cases/Generic Tests/Login","id":"Test Cases/Generic Tests/Login","source":"C:\\\\Workspace\\\\Test Project\\\\KatalonTestProject\\\\Test Cases\\\\Generic Tests\\\\Login.tc","message":"Test Cases/Generic Tests/Login","description":"","startTime":1529535052194,"endTime":1529535054835,"childRecords":[{"testStatus":{"stackTrace":"","statusValue":"INFO"},"type":"MESSAGE","name":"","message":"Evaluating variables for test case","startTime":1529535052226,"endTime":0,"childRecords":[],"interuppted":false},{"testStatus":{"stackTrace":"","statusValue":"INFO"},"type":"MESSAGE","name":"","message":"Variable \u0027var_username\u0027 is set to test.user@sharklasers.com","startTime":1529535052228,"endTime":0,"childRecords":[],"interuppted":false},{"testStatus":{"stackTrace":"","statusValue":"INFO"},"type":"MESSAGE","name":"","message":"Variable \u0027var_password\u0027 is set to password123","startTime":1529535052230,"endTime":0,"childRecords":[],"interuppted":false},{"index":1,"isIgnoredIfFailed":false,"type":"TEST_STEP","name":"click","message":"Object: \u0027Object Repository/Generic Tests/Login/Page_Portal homepage - Gordon Testi/a_Login\u0027 is clicked on","description":"Click \u0027Login\u0027 link","startTime":1529535052460,"endTime":1529535053560,"childRecords":[{"testStatus":{"stackTrace":"","statusValue":"PASSED"},"type":"MESSAGE","name":"","message":"Object: \u0027Object Repository/Generic Tests/Login/Page_Portal homepage - Gordon Testi/a_Login\u0027 is clicked on","startTime":1529535053559,"endTime":0,"childRecords":[],"interuppted":false}],"interuppted":false},{"index":2,"isIgnoredIfFailed":false,"type":"TEST_STEP","name":"setText","message":"Text \u0027test.user@sharklasers.com\u0027 is set on object \u0027Object Repository/Generic Tests/Login/Page_Login - Gordon Testing/txtUserName\u0027","description":"Enter username","startTime":1529535053560,"endTime":1529535053798,"childRecords":[{"testStatus":{"stackTrace":"","statusValue":"PASSED"},"type":"MESSAGE","name":"","message":"Text \u0027test.user@sharklasers.com\u0027 is set on object \u0027Object Repository/Generic Tests/Login/Page_Login - Gordon Testing/txtUserName\u0027","startTime":1529535053797,"endTime":0,"childRecords":[],"interuppted":false}],"interuppted":false},{"index":3,"isIgnoredIfFailed":false,"type":"TEST_STEP","name":"setText","message":"Text \u0027password123\u0027 is set on object \u0027Object Repository/Generic Tests/Login/Page_Login - Gordon Testing/txtPassword\u0027","description":"Enter password","startTime":1529535053798,"endTime":1529535053932,"childRecords":[{"testStatus":{"stackTrace":"","statusValue":"PASSED"},"type":"MESSAGE","name":"","message":"Text \u0027password123\u0027 is set on object \u0027Object Repository/Generic Tests/Login/Page_Login - Gordon Testing/txtPassword\u0027","startTime":1529535053931,"endTime":0,"childRecords":[],"interuppted":false}],"interuppted":false},{"index":4,"isIgnoredIfFailed":false,"type":"TEST_STEP","name":"click","message":"Object: \u0027Object Repository/Generic Tests/Login/Page_Login - Gordon Testing/btnLogin\u0027 is clicked on","description":"Click \u0027Login\u0027 button","startTime":1529535053932,"endTime":1529535054834,"childRecords":[{"testStatus":{"stackTrace":"","statusValue":"PASSED"},"type":"MESSAGE","name":"","message":"Object: \u0027Object Repository/Generic Tests/Login/Page_Login - Gordon Testing/btnLogin\u0027 is clicked on","startTime":1529535054834,"endTime":0,"childRecords":[],"interuppted":false}],"interuppted":false},{"testStatus":{"stackTrace":"","statusValue":"PASSED"},"type":"MESSAGE","name":"","message":"Test Cases/Generic Tests/Login","startTime":1529535054835,"endTime":0,"childRecords":[],"interuppted":false}],"interuppted":false},{"testStatus":{"stackTrace":"","statusValue":"PASSED"},"type":"MESSAGE","name":"","message":"Call Test Case \u0027Test Cases/Generic Tests/Login\u0027 successfully","startTime":1529535054840,"endTime":0,"childRecords":[],"interuppted":false}],"interuppted":false},{"index":8,"isIgnoredIfFailed":false,"type":"TEST_STEP","name":"comment","message":"Start application","description":"","startTime":1529535054841,"endTime":1529535054843,"childRecords":[],"interuppted":false},{"index":9,"isIgnoredIfFailed":false,"type":"TEST_STEP","name":"callTestCase","message":"Call Test Case \u0027Test Cases/Research Grants - Initial Proposal/Start Application (TC3)\u0027 successfully","description":"","startTime":1529535054844,"endTime":1529535062746,"childRecords":[{"isOptional":false,"type":"TEST_CASE","name":"Test Cases/Research Grants - Initial Proposal/Start Application (TC3)","id":"Test Cases/Research Grants - Initial Proposal/Start Application (TC3)","source":"C:\\\\Workspace\\\\Test Project\\\\KatalonTestProject\\\\Test Cases\\\\Research Grants - Initial Proposal\\\\Start Application (TC3).tc","message":"Test Cases/Research Grants - Initial Proposal/Start Application (TC3)","description":"","startTime":1529535054901,"endTime":1529535062745,"childRecords":[{"testStatus":{"stackTrace":"","statusValue":"INFO"},"type":"MESSAGE","name":"","message":"Evaluating variables for test case","startTime":1529535054909,"endTime":0,"childRecords":[],"interuppted":false},{"index":1,"isIgnoredIfFailed":false,"type":"TEST_STEP","name":"click","message":"Object: \u0027Object Repository/Research Grants - Initial Proposal/Start Application (TC3)/Page_Portal homepage - Gordon Testi/a_Application Portal\u0027 is clicked on","description":"Click \u0027Application Portal\u0027 link","startTime":1529535055040,"endTime":1529535058407,"childRecords":[{"testStatus":{"stackTrace":"","statusValue":"PASSED"},"type":"MESSAGE","name":"","message":"Object: \u0027Object Repository/Research Grants - Initial Proposal/Start Application (TC3)/Page_Portal homepage - Gordon Testi/a_Application Portal\u0027 is clicked on","startTime":1529535058406,"endTime":0,"childRecords":[],"interuppted":false}],"interuppted":false},{"index":2,"isIgnoredIfFailed":false,"type":"TEST_STEP","name":"verifyElementPresent","message":"Object \u0027Object Repository/Research Grants - Initial Proposal/Start Application (TC3)/Page_My applications - Gordon Testi/div_Research Grants - Initial\u0027 is present","description":"Verify grant scheme (Research Grants - Initial Proposal)","startTime":1529535058407,"endTime":1529535058492,"childRecords":[{"testStatus":{"stackTrace":"","statusValue":"WARNING"},"type":"MESSAGE","name":"","message":"Timeout \u00270\u0027 is invalid. Using default page load timeout: \u002730\u0027","startTime":1529535058444,"endTime":0,"childRecords":[],"interuppted":false},{"testStatus":{"stackTrace":"","statusValue":"PASSED"},"type":"MESSAGE","name":"","message":"Object \u0027Object Repository/Research Grants - Initial Proposal/Start Application (TC3)/Page_My applications - Gordon Testi/div_Research Grants - Initial\u0027 is present","startTime":1529535058491,"endTime":0,"childRecords":[],"interuppted":false}],"interuppted":false},{"index":3,"isIgnoredIfFailed":false,"type":"TEST_STEP","name":"click","message":"Object: \u0027Object Repository/Research Grants - Initial Proposal/Start Application (TC3)/Page_My applications - Gordon Testi/a_Start\u0027 is clicked on","description":"Click \u0027Start\u0027 button","startTime":1529535058492,"endTime":1529535060219,"childRecords":[{"testStatus":{"stackTrace":"","statusValue":"PASSED"},"type":"MESSAGE","name":"","message":"Object: \u0027Object Repository/Research Grants - Initial Proposal/Start Application (TC3)/Page_My applications - Gordon Testi/a_Start\u0027 is clicked on","startTime":1529535060218,"endTime":0,"childRecords":[],"interuppted":false}],"interuppted":false},{"index":4,"isIgnoredIfFailed":false,"type":"TEST_STEP","name":"verifyElementPresent","message":"Object \u0027Object Repository/Research Grants - Initial Proposal/Start Application (TC3)/Page_Start an application - Gordon/div_fx-contactfulladdnotesubmi\u0027 is present","description":"Verify submit button present (How to check that it is disabled?)","startTime":1529535060220,"endTime":1529535060248,"childRecords":[{"testStatus":{"stackTrace":"","statusValue":"WARNING"},"type":"MESSAGE","name":"","message":"Timeout \u00270\u0027 is invalid. Using default page load timeout: \u002730\u0027","startTime":1529535060225,"endTime":0,"childRecords":[],"interuppted":false},{"testStatus":{"stackTrace":"","statusValue":"PASSED"},"type":"MESSAGE","name":"","message":"Object \u0027Object Repository/Research Grants - Initial Proposal/Start Application (TC3)/Page_Start an application - Gordon/div_fx-contactfulladdnotesubmi\u0027 is present","startTime":1529535060247,"endTime":0,"childRecords":[],"interuppted":false}],"interuppted":false},{"index":5,"isIgnoredIfFailed":false,"type":"TEST_STEP","name":"click","message":"Object: \u0027Object Repository/Research Grants - Initial Proposal/Start Application (TC3)/Page_Start an application - Gordon/input_ctl00MainContentchkAgree\u0027 is clicked on","description":"Select checkbox to agree to terms and conditions","startTime":1529535060248,"endTime":1529535060363,"childRecords":[{"testStatus":{"stackTrace":"","statusValue":"PASSED"},"type":"MESSAGE","name":"","message":"Object: \u0027Object Repository/Research Grants - Initial Proposal/Start Application (TC3)/Page_Start an application - Gordon/input_ctl00MainContentchkAgree\u0027 is clicked on","startTime":1529535060362,"endTime":0,"childRecords":[],"interuppted":false}],"interuppted":false},{"index":6,"isIgnoredIfFailed":false,"type":"TEST_STEP","name":"click","message":"Object: \u0027Object Repository/Research Grants - Initial Proposal/Start Application (TC3)/Page_Start an application - Gordon/input_ctl00MainContentbtnStart\u0027 is clicked on","description":"Click start button (Extra step needed to confirm that it has been enabled?)","startTime":1529535060363,"endTime":1529535062745,"childRecords":[{"testStatus":{"stackTrace":"","statusValue":"PASSED"},"type":"MESSAGE","name":"","message":"Object: \u0027Object Repository/Research Grants - Initial Proposal/Start Application (TC3)/Page_Start an application - Gordon/input_ctl00MainContentbtnStart\u0027 is clicked on","startTime":1529535062744,"endTime":0,"childRecords":[],"interuppted":false}],"interuppted":false},{"testStatus":{"stackTrace":"","statusValue":"PASSED"},"type":"MESSAGE","name":"","message":"Test Cases/Research Grants - Initial Proposal/Start Application (TC3)","startTime":1529535062745,"endTime":0,"childRecords":[],"interuppted":false}],"interuppted":false},{"testStatus":{"stackTrace":"","statusValue":"PASSED"},"type":"MESSAGE","name":"","message":"Call Test Case \u0027Test Cases/Research Grants - Initial Proposal/Start Application (TC3)\u0027 successfully","startTime":1529535062746,"endTime":0,"childRecords":[],"interuppted":false}],"interuppted":false},{"index":10,"isIgnoredIfFailed":false,"type":"TEST_STEP","name":"comment","message":"End tour","description":"","startTime":1529535062747,"endTime":1529535062748,"childRecords":[],"interuppted":false},{"index":11,"isIgnoredIfFailed":false,"type":"TEST_STEP","name":"callTestCase","message":"Call Test Case \u0027Test Cases/Research Grants - Initial Proposal/Guided Tour (TC3)\u0027 successfully","description":"","startTime":1529535062748,"endTime":1529535063128,"childRecords":[{"isOptional":false,"type":"TEST_CASE","name":"Test Cases/Research Grants - Initial Proposal/Guided Tour (TC3)","id":"Test Cases/Research Grants - Initial Proposal/Guided Tour (TC3)","source":"C:\\\\Workspace\\\\Test Project\\\\KatalonTestProject\\\\Test Cases\\\\Research Grants - Initial Proposal\\\\Guided Tour (TC3).tc","message":"Test Cases/Research Grants - Initial Proposal/Guided Tour (TC3)","description":"","startTime":1529535062808,"endTime":1529535063127,"childRecords":[{"testStatus":{"stackTrace":"","statusValue":"INFO"},"type":"MESSAGE","name":"","message":"Evaluating variables for test case","startTime":1529535062814,"endTime":0,"childRecords":[],"interuppted":false},{"index":1,"isIgnoredIfFailed":false,"type":"TEST_STEP","name":"verifyElementPresent","message":"Object \u0027Object Repository/Research Grants - Initial Proposal/Guided Tour (TC3)/Page_Application form - Gordon Test/div_Guided TourLet us show you\u0027 is present","description":"Verify that Guided Tour is displayed","startTime":1529535062995,"endTime":1529535063030,"childRecords":[{"testStatus":{"stackTrace":"","statusValue":"WARNING"},"type":"MESSAGE","name":"","message":"Timeout \u00270\u0027 is invalid. Using default page load timeout: \u002730\u0027","startTime":1529535063002,"endTime":0,"childRecords":[],"interuppted":false},{"testStatus":{"stackTrace":"","statusValue":"PASSED"},"type":"MESSAGE","name":"","message":"Object \u0027Object Repository/Research Grants - Initial Proposal/Guided Tour (TC3)/Page_Application form - Gordon Test/div_Guided TourLet us show you\u0027 is present","startTime":1529535063030,"endTime":0,"childRecords":[],"interuppted":false}],"interuppted":false},{"index":2,"isIgnoredIfFailed":false,"type":"TEST_STEP","name":"click","message":"Object: \u0027Object Repository/Research Grants - Initial Proposal/Guided Tour (TC3)/Page_Application form - Gordon Test/button_\u0027 is clicked on","description":"Close tour","startTime":1529535063031,"endTime":1529535063127,"childRecords":[{"testStatus":{"stackTrace":"","statusValue":"PASSED"},"type":"MESSAGE","name":"","message":"Object: \u0027Object Repository/Research Grants - Initial Proposal/Guided Tour (TC3)/Page_Application form - Gordon Test/button_\u0027 is clicked on","startTime":1529535063126,"endTime":0,"childRecords":[],"interuppted":false}],"interuppted":false},{"testStatus":{"stackTrace":"","statusValue":"PASSED"},"type":"MESSAGE","name":"","message":"Test Cases/Research Grants - Initial Proposal/Guided Tour (TC3)","startTime":1529535063127,"endTime":0,"childRecords":[],"interuppted":false}],"interuppted":false},{"testStatus":{"stackTrace":"","statusValue":"PASSED"},"type":"MESSAGE","name":"","message":"Call Test Case \u0027Test Cases/Research Grants - Initial Proposal/Guided Tour (TC3)\u0027 successfully","startTime":1529535063127,"endTime":0,"childRecords":[],"interuppted":false}],"interuppted":false},{"index":12,"isIgnoredIfFailed":false,"type":"TEST_STEP","name":"comment","message":"Verify percentage complete","description":"","startTime":1529535063128,"endTime":1529535063129,"childRecords":[],"interuppted":false},{"index":13,"isIgnoredIfFailed":false,"type":"TEST_STEP","name":"verifyElementPresent","message":"Object \u0027Object Repository/TC3_Verify Completion of Standard Application/Page_Application form - Gordon Test/div_0 complete\u0027 is present","description":"","startTime":1529535063129,"endTime":1529535063162,"childRecords":[{"testStatus":{"stackTrace":"","statusValue":"WARNING"},"type":"MESSAGE","name":"","message":"Timeout \u00270\u0027 is invalid. Using default page load timeout: \u002730\u0027","startTime":1529535063134,"endTime":0,"childRecords":[],"interuppted":false},{"testStatus":{"stackTrace":"","statusValue":"PASSED"},"type":"MESSAGE","name":"","message":"Object \u0027Object Repository/TC3_Verify Completion of Standard Application/Page_Application form - Gordon Test/div_0 complete\u0027 is present","startTime":1529535063162,"endTime":0,"childRecords":[],"interuppted":false}],"interuppted":false},{"index":14,"isIgnoredIfFailed":false,"type":"TEST_STEP","name":"comment","message":"Generate PDF","description":"","startTime":1529535063162,"endTime":1529535063163,"childRecords":[],"interuppted":false},{"index":15,"isIgnoredIfFailed":false,"type":"TEST_STEP","name":"callTestCase","message":"NOT_RUN: callTestCase","description":"Requires fix (Bug with multiple toasts)","startTime":1529535063163,"endTime":1529535063165,"childRecords":[{"testStatus":{"stackTrace":"","statusValue":"NOT_RUN"},"type":"MESSAGE","name":"","message":"NOT_RUN: callTestCase","startTime":1529535063164,"endTime":0,"childRecords":[],"interuppted":false}],"interuppted":false},{"index":16,"isIgnoredIfFailed":false,"type":"TEST_STEP","name":"comment","message":"Confirm default status of pages","description":"","startTime":1529535063165,"endTime":1529535063167,"childRecords":[],"interuppted":false},{"index":17,"isIgnoredIfFailed":false,"type":"TEST_STEP","name":"verifyElementPresent","message":"Object \u0027Object Repository/TC3_Verify Completion of Standard Application/Page_Application form - Gordon Test/span_Not Started\u0027 is present","description":"","startTime":1529535063167,"endTime":1529535063193,"childRecords":[{"testStatus":{"stackTrace":"","statusValue":"WARNING"},"type":"MESSAGE","name":"","message":"Timeout \u00270\u0027 is invalid. Using default page load timeout: \u002730\u0027","startTime":1529535063172,"endTime":0,"childRecords":[],"interuppted":false},{"testStatus":{"stackTrace":"","statusValue":"PASSED"},"type":"MESSAGE","name":"","message":"Object \u0027Object Repository/TC3_Verify Completion of Standard Application/Page_Application form - Gordon Test/span_Not Started\u0027 is present","startTime":1529535063193,"endTime":0,"childRecords":[],"interuppted":false}],"interuppted":false},{"index":18,"isIgnoredIfFailed":false,"type":"TEST_STEP","name":"verifyElementPresent","message":"Object \u0027Object Repository/TC3_Verify Completion of Standard Application/Page_Application form - Gordon Test/span_Not Started_1\u0027 is present","description":"","startTime":1529535063193,"endTime":1529535063220,"childRecords":[{"testStatus":{"stackTrace":"","statusValue":"WARNING"},"type":"MESSAGE","name":"","message":"Timeout \u00270\u0027 is invalid. Using default page load timeout: \u002730\u0027","startTime":1529535063197,"endTime":0,"childRecords":[],"interuppted":false},{"testStatus":{"stackTrace":"","statusValue":"PASSED"},"type":"MESSAGE","name":"","message":"Object \u0027Object Repository/TC3_Verify Completion of Standard Application/Page_Application form - Gordon Test/span_Not Started_1\u0027 is present","startTime":1529535063219,"endTime":0,"childRecords":[],"interuppted":false}],"interuppted":false},{"index":19,"isIgnoredIfFailed":false,"type":"TEST_STEP","name":"verifyElementPresent","message":"Object \u0027Object Repository/TC3_Verify Completion of Standard Application/Page_Application form - Gordon Test/span_Not Started_2\u0027 is present","description":"","startTime":1529535063220,"endTime":1529535063250,"childRecords":[{"testStatus":{"stackTrace":"","statusValue":"WARNING"},"type":"MESSAGE","name":"","message":"Timeout \u00270\u0027 is invalid. Using default page load timeout: \u002730\u0027","startTime":1529535063224,"endTime":0,"childRecords":[],"interuppted":false},{"testStatus":{"stackTrace":"","statusValue":"PASSED"},"type":"MESSAGE","name":"","message":"Object \u0027Object Repository/TC3_Verify Completion of Standard Application/Page_Application form - Gordon Test/span_Not Started_2\u0027 is present","startTime":1529535063249,"endTime":0,"childRecords":[],"interuppted":false}],"interuppted":false},{"index":20,"isIgnoredIfFailed":false,"type":"TEST_STEP","name":"verifyElementPresent","message":"Object \u0027Object Repository/TC3_Verify Completion of Standard Application/Page_Application form - Gordon Test/span_Not Started_3\u0027 is present","description":"","startTime":1529535063250,"endTime":1529535063277,"childRecords":[{"testStatus":{"stackTrace":"","statusValue":"WARNING"},"type":"MESSAGE","name":"","message":"Timeout \u00270\u0027 is invalid. Using default page load timeout: \u002730\u0027","startTime":1529535063256,"endTime":0,"childRecords":[],"interuppted":false},{"testStatus":{"stackTrace":"","statusValue":"PASSED"},"type":"MESSAGE","name":"","message":"Object \u0027Object Repository/TC3_Verify Completion of Standard Application/Page_Application form - Gordon Test/span_Not Started_3\u0027 is present","startTime":1529535063277,"endTime":0,"childRecords":[],"interuppted":false}],"interuppted":false},{"index":21,"isIgnoredIfFailed":false,"type":"TEST_STEP","name":"comment","message":"Start first page","description":"","startTime":1529535063278,"endTime":1529535063278,"childRecords":[],"interuppted":false},{"index":22,"isIgnoredIfFailed":false,"type":"TEST_STEP","name":"click","message":"Object: \u0027Object Repository/TC3_Verify Completion of Standard Application/Page_Application form - Gordon Test/a_Start\u0027 is clicked on","description":"","startTime":1529535063279,"endTime":1529535065262,"childRecords":[{"testStatus":{"stackTrace":"","statusValue":"PASSED"},"type":"MESSAGE","name":"","message":"Object: \u0027Object Repository/TC3_Verify Completion of Standard Application/Page_Application form - Gordon Test/a_Start\u0027 is clicked on","startTime":1529535065262,"endTime":0,"childRecords":[],"interuppted":false}],"interuppted":false},{"index":23,"isIgnoredIfFailed":false,"type":"TEST_STEP","name":"comment","message":"Page 1 of 4","description":"","startTime":1529535065263,"endTime":1529535065263,"childRecords":[],"interuppted":false},{"index":24,"isIgnoredIfFailed":false,"type":"TEST_STEP","name":"callTestCase","message":"Call Test Case \u0027Test Cases/Research Grants - Initial Proposal/Page 1 of 4/Save and Verify Page Errors (TC3)\u0027 successfully","description":"","startTime":1529535065264,"endTime":1529535067449,"childRecords":[{"isOptional":false,"type":"TEST_CASE","name":"Test Cases/Research Grants - Initial Proposal/Page 1 of 4/Save and Verify Page Errors (TC3)","id":"Test Cases/Research Grants - Initial Proposal/Page 1 of 4/Save and Verify Page Errors (TC3)","source":"C:\\\\Workspace\\\\Test Project\\\\KatalonTestProject\\\\Test Cases\\\\Research Grants - Initial Proposal\\\\Page 1 of 4\\\\Save and Verify Page Errors (TC3).tc","message":"Test Cases/Research Grants - Initial Proposal/Page 1 of 4/Save and Verify Page Errors (TC3)","description":"","startTime":1529535065320,"endTime":1529535067448,"childRecords":[{"testStatus":{"stackTrace":"","statusValue":"INFO"},"type":"MESSAGE","name":"","message":"Evaluating variables for test case","startTime":1529535065326,"endTime":0,"childRecords":[],"interuppted":false},{"index":1,"isIgnoredIfFailed":false,"type":"TEST_STEP","name":"click","message":"Object: \u0027Object Repository/Research Grants - Initial Proposal/Page 1 of 4/Save and Verify Page Errors (TC3)/Page_Application form - Gordon Test/a_Save progress\u0027 is clicked on","description":"","startTime":1529535065519,"endTime":1529535067330,"childRecords":[{"testStatus":{"stackTrace":"","statusValue":"PASSED"},"type":"MESSAGE","name":"","message":"Object: \u0027Object Repository/Research Grants - Initial Proposal/Page 1 of 4/Save and Verify Page Errors (TC3)/Page_Application form - Gordon Test/a_Save progress\u0027 is clicked on","startTime":1529535067329,"endTime":0,"childRecords":[],"interuppted":false}],"interuppted":false},{"index":2,"isIgnoredIfFailed":false,"type":"TEST_STEP","name":"verifyElementPresent","message":"Object \u0027Object Repository/Research Grants - Initial Proposal/Page 1 of 4/Save and Verify Page Errors (TC3)/Page_Application form - Gordon Test/div_There were some problems w\u0027 is present","description":"","startTime":1529535067330,"endTime":1529535067379,"childRecords":[{"testStatus":{"stackTrace":"","statusValue":"WARNING"},"type":"MESSAGE","name":"","message":"Timeout \u00270\u0027 is invalid. Using default page load timeout: \u002730\u0027","startTime":1529535067337,"endTime":0,"childRecords":[],"interuppted":false},{"testStatus":{"stackTrace":"","statusValue":"PASSED"},"type":"MESSAGE","name":"","message":"Object \u0027Object Repository/Research Grants - Initial Proposal/Page 1 of 4/Save and Verify Page Errors (TC3)/Page_Application form - Gordon Test/div_There were some problems w\u0027 is present","startTime":1529535067379,"endTime":0,"childRecords":[],"interuppted":false}],"interuppted":false},{"index":3,"isIgnoredIfFailed":false,"type":"TEST_STEP","name":"verifyElementPresent","message":"Object \u0027Object Repository/Research Grants - Initial Proposal/Page 1 of 4/Save and Verify Page Errors (TC3)/Page_Application form - Gordon Test/div_We have identified the fol\u0027 is present","description":"","startTime":1529535067379,"endTime":1529535067415,"childRecords":[{"testStatus":{"stackTrace":"","statusValue":"WARNING"},"type":"MESSAGE","name":"","message":"Timeout \u00270\u0027 is invalid. Using default page load timeout: \u002730\u0027","startTime":1529535067384,"endTime":0,"childRecords":[],"interuppted":false},{"testStatus":{"stackTrace":"","statusValue":"PASSED"},"type":"MESSAGE","name":"","message":"Object \u0027Object Repository/Research Grants - Initial Proposal/Page 1 of 4/Save and Verify Page Errors (TC3)/Page_Application form - Gordon Test/div_We have identified the fol\u0027 is present","startTime":1529535067415,"endTime":0,"childRecords":[],"interuppted":false}],"interuppted":false},{"index":4,"isIgnoredIfFailed":false,"type":"TEST_STEP","name":"verifyElementPresent","message":"Object \u0027Object Repository/Research Grants - Initial Proposal/Page 1 of 4/Save and Verify Page Errors (TC3)/Page_Application form - Gordon Test/li_Warning - You must provide\u0027 is present","description":"","startTime":1529535067416,"endTime":1529535067447,"childRecords":[{"testStatus":{"stackTrace":"","statusValue":"WARNING"},"type":"MESSAGE","name":"","message":"Timeout \u00270\u0027 is invalid. Using default page load timeout: \u002730\u0027","startTime":1529535067420,"endTime":0,"childRecords":[],"interuppted":false},{"testStatus":{"stackTrace":"","statusValue":"PASSED"},"type":"MESSAGE","name":"","message":"Object \u0027Object Repository/Research Grants - Initial Proposal/Page 1 of 4/Save and Verify Page Errors (TC3)/Page_Application form - Gordon Test/li_Warning - You must provide\u0027 is present","startTime":1529535067447,"endTime":0,"childRecords":[],"interuppted":false}],"interuppted":false},{"index":5,"isIgnoredIfFailed":false,"type":"TEST_STEP","name":"verifyElementPresent","message":"NOT_RUN: verifyElementPresent","description":"Disabled as this is hard to identify","startTime":1529535067447,"endTime":1529535067448,"childRecords":[{"testStatus":{"stackTrace":"","statusValue":"NOT_RUN"},"type":"MESSAGE","name":"","message":"NOT_RUN: verifyElementPresent","startTime":1529535067448,"endTime":0,"childRecords":[],"interuppted":false}],"interuppted":false},{"testStatus":{"stackTrace":"","statusValue":"PASSED"},"type":"MESSAGE","name":"","message":"Test Cases/Research Grants - Initial Proposal/Page 1 of 4/Save and Verify Page Errors (TC3)","startTime":1529535067448,"endTime":0,"childRecords":[],"interuppted":false}],"interuppted":false},{"testStatus":{"stackTrace":"","statusValue":"PASSED"},"type":"MESSAGE","name":"","message":"Call Test Case \u0027Test Cases/Research Grants - Initial Proposal/Page 1 of 4/Save and Verify Page Errors (TC3)\u0027 successfully","startTime":1529535067449,"endTime":0,"childRecords":[],"interuppted":false}],"interuppted":false},{"index":25,"isIgnoredIfFailed":false,"type":"TEST_STEP","name":"callTestCase","message":"Call Test Case \u0027Test Cases/Research Grants - Initial Proposal/Page 1 of 4/Question 1 (Radio List)\u0027 successfully","description":"","startTime":1529535067449,"endTime":1529535068011,"childRecords":[{"isOptional":false,"type":"TEST_CASE","name":"Test Cases/Research Grants - Initial Proposal/Page 1 of 4/Question 1 (Radio List)","id":"Test Cases/Research Grants - Initial Proposal/Page 1 of 4/Question 1 (Radio List)","source":"C:\\\\Workspace\\\\Test Project\\\\KatalonTestProject\\\\Test Cases\\\\Research Grants - Initial Proposal\\\\Page 1 of 4\\\\Question 1 (Radio List).tc","message":"Test Cases/Research Grants - Initial Proposal/Page 1 of 4/Question 1 (Radio List)","description":"","startTime":1529535067510,"endTime":1529535068010,"childRecords":[{"testStatus":{"stackTrace":"","statusValue":"INFO"},"type":"MESSAGE","name":"","message":"Evaluating variables for test case","startTime":1529535067522,"endTime":0,"childRecords":[],"interuppted":false},{"index":1,"isIgnoredIfFailed":false,"type":"TEST_STEP","name":"click","message":"Object: \u0027Object Repository/Research Grants - Initial Proposal/Page 1 of 4/Question 1 (Radio List)/Page_Application form - Gordon Test/input_ctl00MainContentctl00ucF_1\u0027 is clicked on","description":"Select option \u0027No\u0027","startTime":1529535067726,"endTime":1529535067854,"childRecords":[{"testStatus":{"stackTrace":"","statusValue":"PASSED"},"type":"MESSAGE","name":"","message":"Object: \u0027Object Repository/Research Grants - Initial Proposal/Page 1 of 4/Question 1 (Radio List)/Page_Application form - Gordon Test/input_ctl00MainContentctl00ucF_1\u0027 is clicked on","startTime":1529535067852,"endTime":0,"childRecords":[],"interuppted":false}],"interuppted":false},{"index":2,"isIgnoredIfFailed":false,"type":"TEST_STEP","name":"verifyElementPresent","message":"Object \u0027Object Repository/Research Grants - Initial Proposal/Page 1 of 4/Question 1 (Radio List)/Page_Application form - Gordon Test/span_Unfortunately you are not\u0027 is present","description":"Verify flow rule message","startTime":1529535067854,"endTime":1529535067890,"childRecords":[{"testStatus":{"stackTrace":"","statusValue":"WARNING"},"type":"MESSAGE","name":"","message":"Timeout \u00270\u0027 is invalid. Using default page load timeout: \u002730\u0027","startTime":1529535067861,"endTime":0,"childRecords":[],"interuppted":false},{"testStatus":{"stackTrace":"","statusValue":"PASSED"},"type":"MESSAGE","name":"","message":"Object \u0027Object Repository/Research Grants - Initial Proposal/Page 1 of 4/Question 1 (Radio List)/Page_Application form - Gordon Test/span_Unfortunately you are not\u0027 is present","startTime":1529535067888,"endTime":0,"childRecords":[],"interuppted":false}],"interuppted":false},{"index":3,"isIgnoredIfFailed":false,"type":"TEST_STEP","name":"click","message":"Object: \u0027Object Repository/Research Grants - Initial Proposal/Page 1 of 4/Question 1 (Radio List)/Page_Application form - Gordon Test/input_ctl00MainContentctl00ucF_2\u0027 is clicked on","description":"Select option \u0027Yes\u0027","startTime":1529535067890,"endTime":1529535068009,"childRecords":[{"testStatus":{"stackTrace":"","statusValue":"PASSED"},"type":"MESSAGE","name":"","message":"Object: \u0027Object Repository/Research Grants - Initial Proposal/Page 1 of 4/Question 1 (Radio List)/Page_Application form - Gordon Test/input_ctl00MainContentctl00ucF_2\u0027 is clicked on","startTime":1529535068009,"endTime":0,"childRecords":[],"interuppted":false}],"interuppted":false},{"testStatus":{"stackTrace":"","statusValue":"PASSED"},"type":"MESSAGE","name":"","message":"Test Cases/Research Grants - Initial Proposal/Page 1 of 4/Question 1 (Radio List)","startTime":1529535068009,"endTime":0,"childRecords":[],"interuppted":false}],"interuppted":false},{"testStatus":{"stackTrace":"","statusValue":"PASSED"},"type":"MESSAGE","name":"","message":"Call Test Case \u0027Test Cases/Research Grants - Initial Proposal/Page 1 of 4/Question 1 (Radio List)\u0027 successfully","startTime":1529535068011,"endTime":0,"childRecords":[],"interuppted":false}],"interuppted":false},{"index":26,"isIgnoredIfFailed":false,"type":"TEST_STEP","name":"comment","message":"Navigate to next page","description":"","startTime":1529535068011,"endTime":1529535068013,"childRecords":[],"interuppted":false},{"index":27,"isIgnoredIfFailed":false,"type":"TEST_STEP","name":"click","message":"Object: \u0027Object Repository/TC3_Verify Completion of Standard Application/Page_Application form - Gordon Test/a_Next page\u0027 is clicked on","description":"","startTime":1529535068013,"endTime":1529535070990,"childRecords":[{"testStatus":{"stackTrace":"","statusValue":"PASSED"},"type":"MESSAGE","name":"","message":"Object: \u0027Object Repository/TC3_Verify Completion of Standard Application/Page_Application form - Gordon Test/a_Next page\u0027 is clicked on","startTime":1529535070989,"endTime":0,"childRecords":[],"interuppted":false}],"interuppted":false},{"index":28,"isIgnoredIfFailed":false,"type":"TEST_STEP","name":"comment","message":"Page 2 of 4","description":"","startTime":1529535070990,"endTime":1529535070991,"childRecords":[],"interuppted":false},{"index":29,"isIgnoredIfFailed":false,"type":"TEST_STEP","name":"callTestCase","message":"NOT_RUN: callTestCase","description":"Requires fix","startTime":1529535070991,"endTime":1529535070992,"childRecords":[{"testStatus":{"stackTrace":"","statusValue":"NOT_RUN"},"type":"MESSAGE","name":"","message":"NOT_RUN: callTestCase","startTime":1529535070992,"endTime":0,"childRecords":[],"interuppted":false}],"interuppted":false},{"index":30,"isIgnoredIfFailed":false,"type":"TEST_STEP","name":"callTestCase","message":"Unable to call Test Case with id \u0027Test Cases/Research Grants - Initial Proposal/Page 2 of 4/Question 2 (GMS Organisation)\u0027 (Root cause: Call Test Case \u0027Test Cases/Research Grants - Initial Proposal/Page 2 of 4/Question 2 (GMS Organisation)\u0027 failed)","description":"","startTime":1529535070992,"endTime":1529535072977,"childRecords":[{"isOptional":false,"type":"TEST_CASE","name":"Test Cases/Research Grants - Initial Proposal/Page 2 of 4/Question 2 (GMS Organisation)","id":"Test Cases/Research Grants - Initial Proposal/Page 2 of 4/Question 2 (GMS Organisation)","source":"C:\\\\Workspace\\\\Test Project\\\\KatalonTestProject\\\\Test Cases\\\\Research Grants - Initial Proposal\\\\Page 2 of 4\\\\Question 2 (GMS Organisation).tc","message":"Test Cases/Research Grants - Initial Proposal/Page 2 of 4/Question 2 (GMS Organisation) FAILED because (of) Unable to click on object \u0027Object Repository/Research Grants - Initial Proposal/Page 2 of 4/Question 2 (GMS Organisation)/Page_Application form - Gordon Test/li_General\u0027 (Root cause: org.openqa.selenium.WebDriverException: unknown error: Element \u003cli class\u003d\"rcbItem\"\u003e...\u003c/li\u003e is not clickable at point (1002, 695). Other element would receive the click: \u003cli class\u003d\"rcbItem\"\u003e...\u003c/li\u003e\n  (Session info: chrome\u003d67.0.3396.87)\n  (Driver info: chromedriver\u003d2.35.528161 (5b82f2d2aae0ca24b877009200ced9065a772e73),platform\u003dWindows NT 10.0.17134 x86_64) (WARNING: The server did not provide any stacktrace information)\nCommand duration or timeout: 0 milliseconds\nBuild info: version: \u00273.7.1\u0027, revision: \u00278a0099a\u0027, time: \u00272017-11-06T21:07:36.161Z\u0027\nSystem info: host: \u0027LAPTOP-1SON56RS\u0027, ip: \u0027192.168.1.163\u0027, os.name: \u0027Windows 10\u0027, os.arch: \u0027amd64\u0027, os.version: \u002710.0\u0027, java.version: \u00271.8.0_102\u0027\nDriver info: com.kms.katalon.selenium.driver.CChromeDriver\nCapabilities {acceptInsecureCerts: false, acceptSslCerts: false, applicationCacheEnabled: false, browserConnectionEnabled: false, browserName: chrome, chrome: {chromedriverVersion: 2.35.528161 (5b82f2d2aae0ca..., userDataDir: C:\\Users\\GORDON~1\\AppData\\L...}, cssSelectorsEnabled: true, databaseEnabled: false, handlesAlerts: true, hasTouchScreen: false, javascriptEnabled: true, locationContextEnabled: true, mobileEmulationEnabled: false, nativeEvents: true, networkConnectionEnabled: false, pageLoadStrategy: normal, platform: XP, platformName: XP, rotatable: false, setWindowRect: true, takesHeapSnapshot: true, takesScreenshot: true, unexpectedAlertBehaviour: , unhandledPromptBehavior: , version: 67.0.3396.87, webStorageEnabled: true}\nSession ID: f47eb8652ed1d346cefcba19a2541774)","description":"","startTime":1529535071048,"endTime":1529535072976,"childRecords":[{"testStatus":{"stackTrace":"","statusValue":"INFO"},"type":"MESSAGE","name":"","message":"Evaluating variables for test case","startTime":1529535071056,"endTime":0,"childRecords":[],"interuppted":false},{"index":1,"isIgnoredIfFailed":false,"type":"TEST_STEP","name":"verifyElementPresent","message":"NOT_RUN: verifyElementPresent","description":"Just need to verify label","startTime":1529535071236,"endTime":1529535071237,"childRecords":[{"testStatus":{"stackTrace":"","statusValue":"NOT_RUN"},"type":"MESSAGE","name":"","message":"NOT_RUN: verifyElementPresent","startTime":1529535071236,"endTime":0,"childRecords":[],"interuppted":false}],"interuppted":false},{"index":2,"isIgnoredIfFailed":false,"type":"TEST_STEP","name":"click","message":"Object: \u0027Object Repository/Research Grants - Initial Proposal/Page 2 of 4/Question 2 (GMS Organisation)/Page_Application form - Gordon Test/a_Add organisation\u0027 is clicked on","description":"","startTime":1529535071237,"endTime":1529535071348,"childRecords":[{"testStatus":{"stackTrace":"","statusValue":"PASSED"},"type":"MESSAGE","name":"","message":"Object: \u0027Object Repository/Research Grants - Initial Proposal/Page 2 of 4/Question 2 (GMS Organisation)/Page_Application form - Gordon Test/a_Add organisation\u0027 is clicked on","startTime":1529535071347,"endTime":0,"childRecords":[],"interuppted":false}],"interuppted":false},{"index":3,"isIgnoredIfFailed":false,"type":"TEST_STEP","name":"setText","message":"Text \u0027Test Org\u0027 is set on object \u0027Object Repository/Research Grants - Initial Proposal/Page 2 of 4/Question 2 (GMS Organisation)/Page_Application form - Gordon Test/input_ctl00MainContentctl00ucF_7\u0027","description":"","startTime":1529535071348,"endTime":1529535072162,"childRecords":[{"testStatus":{"stackTrace":"","statusValue":"PASSED"},"type":"MESSAGE","name":"","message":"Text \u0027Test Org\u0027 is set on object \u0027Object Repository/Research Grants - Initial Proposal/Page 2 of 4/Question 2 (GMS Organisation)/Page_Application form - Gordon Test/input_ctl00MainContentctl00ucF_7\u0027","startTime":1529535072162,"endTime":0,"childRecords":[],"interuppted":false}],"interuppted":false},{"index":4,"isIgnoredIfFailed":false,"type":"TEST_STEP","name":"click","message":"Object: \u0027Object Repository/Research Grants - Initial Proposal/Page 2 of 4/Question 2 (GMS Organisation)/Page_Application form - Gordon Test/a_select\u0027 is clicked on","description":"","startTime":1529535072163,"endTime":1529535072380,"childRecords":[{"testStatus":{"stackTrace":"","statusValue":"PASSED"},"type":"MESSAGE","name":"","message":"Object: \u0027Object Repository/Research Grants - Initial Proposal/Page 2 of 4/Question 2 (GMS Organisation)/Page_Application form - Gordon Test/a_select\u0027 is clicked on","startTime":1529535072379,"endTime":0,"childRecords":[],"interuppted":false}],"interuppted":false},{"attachment":"1529535072517.png","index":5,"isIgnoredIfFailed":false,"type":"TEST_STEP","name":"click","message":"Unable to click on object \u0027Object Repository/Research Grants - Initial Proposal/Page 2 of 4/Question 2 (GMS Organisation)/Page_Application form - Gordon Test/li_General\u0027 (Root cause: org.openqa.selenium.WebDriverException: unknown error: Element \u003cli class\u003d\"rcbItem\"\u003e...\u003c/li\u003e is not clickable at point (1002, 695). Other element would receive the click: \u003cli class\u003d\"rcbItem\"\u003e...\u003c/li\u003e\n  (Session info: chrome\u003d67.0.3396.87)\n  (Driver info: chromedriver\u003d2.35.528161 (5b82f2d2aae0ca24b877009200ced9065a772e73),platform\u003dWindows NT 10.0.17134 x86_64) (WARNING: The server did not provide any stacktrace information)\nCommand duration or timeout: 0 milliseconds\nBuild info: version: \u00273.7.1\u0027, revision: \u00278a0099a\u0027, time: \u00272017-11-06T21:07:36.161Z\u0027\nSystem info: host: \u0027LAPTOP-1SON56RS\u0027, ip: \u0027192.168.1.163\u0027, os.name: \u0027Windows 10\u0027, os.arch: \u0027amd64\u0027, os.version: \u002710.0\u0027, java.version: \u00271.8.0_102\u0027\nDriver info: com.kms.katalon.selenium.driver.CChromeDriver\nCapabilities {acceptInsecureCerts: false, acceptSslCerts: false, applicationCacheEnabled: false, browserConnectionEnabled: false, browserName: chrome, chrome: {chromedriverVersion: 2.35.528161 (5b82f2d2aae0ca..., userDataDir: C:\\Users\\GORDON~1\\AppData\\L...}, cssSelectorsEnabled: true, databaseEnabled: false, handlesAlerts: true, hasTouchScreen: false, javascriptEnabled: true, locationContextEnabled: true, mobileEmulationEnabled: false, nativeEvents: true, networkConnectionEnabled: false, pageLoadStrategy: normal, platform: XP, platformName: XP, rotatable: false, setWindowRect: true, takesHeapSnapshot: true, takesScreenshot: true, unexpectedAlertBehaviour: , unhandledPromptBehavior: , version: 67.0.3396.87, webStorageEnabled: true}\nSession ID: f47eb8652ed1d346cefcba19a2541774)","description":"","startTime":1529535072381,"endTime":1529535072972,"childRecords":[{"testStatus":{"stackTrace":"","statusValue":"FAILED"},"attachment":"1529535072517.png","type":"MESSAGE","name":"","message":"Unable to click on object \u0027Object Repository/Research Grants - Initial Proposal/Page 2 of 4/Question 2 (GMS Organisation)/Page_Application form - Gordon Test/li_General\u0027 (Root cause: org.openqa.selenium.WebDriverException: unknown error: Element \u003cli class\u003d\"rcbItem\"\u003e...\u003c/li\u003e is not clickable at point (1002, 695). Other element would receive the click: \u003cli class\u003d\"rcbItem\"\u003e...\u003c/li\u003e\n  (Session info: chrome\u003d67.0.3396.87)\n  (Driver info: chromedriver\u003d2.35.528161 (5b82f2d2aae0ca24b877009200ced9065a772e73),platform\u003dWindows NT 10.0.17134 x86_64) (WARNING: The server did not provide any stacktrace information)\nCommand duration or timeout: 0 milliseconds\nBuild info: version: \u00273.7.1\u0027, revision: \u00278a0099a\u0027, time: \u00272017-11-06T21:07:36.161Z\u0027\nSystem info: host: \u0027LAPTOP-1SON56RS\u0027, ip: \u0027192.168.1.163\u0027, os.name: \u0027Windows 10\u0027, os.arch: \u0027amd64\u0027, os.version: \u002710.0\u0027, java.version: \u00271.8.0_102\u0027\nDriver info: com.kms.katalon.selenium.driver.CChromeDriver\nCapabilities {acceptInsecureCerts: false, acceptSslCerts: false, applicationCacheEnabled: false, browserConnectionEnabled: false, browserName: chrome, chrome: {chromedriverVersion: 2.35.528161 (5b82f2d2aae0ca..., userDataDir: C:\\Users\\GORDON~1\\AppData\\L...}, cssSelectorsEnabled: true, databaseEnabled: false, handlesAlerts: true, hasTouchScreen: false, javascriptEnabled: true, locationContextEnabled: true, mobileEmulationEnabled: false, nativeEvents: true, networkConnectionEnabled: false, pageLoadStrategy: normal, platform: XP, platformName: XP, rotatable: false, setWindowRect: true, takesHeapSnapshot: true, takesScreenshot: true, unexpectedAlertBehaviour: , unhandledPromptBehavior: , version: 67.0.3396.87, webStorageEnabled: true}\nSession ID: f47eb8652ed1d346cefcba19a2541774)","startTime":1529535072971,"endTime":0,"childRecords":[],"interuppted":false}],"interuppted":false},{"testStatus":{"stackTrace":"","statusValue":"FAILED"},"type":"MESSAGE","name":"","message":"Test Cases/Research Grants - Initial Proposal/Page 2 of 4/Question 2 (GMS Organisation) FAILED because (of) Unable to click on object \u0027Object Repository/Research Grants - Initial Proposal/Page 2 of 4/Question 2 (GMS Organisation)/Page_Application form - Gordon Test/li_General\u0027 (Root cause: org.openqa.selenium.WebDriverException: unknown error: Element \u003cli class\u003d\"rcbItem\"\u003e...\u003c/li\u003e is not clickable at point (1002, 695). Other element would receive the click: \u003cli class\u003d\"rcbItem\"\u003e...\u003c/li\u003e\n  (Session info: chrome\u003d67.0.3396.87)\n  (Driver info: chromedriver\u003d2.35.528161 (5b82f2d2aae0ca24b877009200ced9065a772e73),platform\u003dWindows NT 10.0.17134 x86_64) (WARNING: The server did not provide any stacktrace information)\nCommand duration or timeout: 0 milliseconds\nBuild info: version: \u00273.7.1\u0027, revision: \u00278a0099a\u0027, time: \u00272017-11-06T21:07:36.161Z\u0027\nSystem info: host: \u0027LAPTOP-1SON56RS\u0027, ip: \u0027192.168.1.163\u0027, os.name: \u0027Windows 10\u0027, os.arch: \u0027amd64\u0027, os.version: \u002710.0\u0027, java.version: \u00271.8.0_102\u0027\nDriver info: com.kms.katalon.selenium.driver.CChromeDriver\nCapabilities {acceptInsecureCerts: false, acceptSslCerts: false, applicationCacheEnabled: false, browserConnectionEnabled: false, browserName: chrome, chrome: {chromedriverVersion: 2.35.528161 (5b82f2d2aae0ca..., userDataDir: C:\\Users\\GORDON~1\\AppData\\L...}, cssSelectorsEnabled: true, databaseEnabled: false, handlesAlerts: true, hasTouchScreen: false, javascriptEnabled: true, locationContextEnabled: true, mobileEmulationEnabled: false, nativeEvents: true, networkConnectionEnabled: false, pageLoadStrategy: normal, platform: XP, platformName: XP, rotatable: false, setWindowRect: true, takesHeapSnapshot: true, takesScreenshot: true, unexpectedAlertBehaviour: , unhandledPromptBehavior: , version: 67.0.3396.87, webStorageEnabled: true}\nSession ID: f47eb8652ed1d346cefcba19a2541774)","startTime":1529535072972,"endTime":0,"childRecords":[],"interuppted":false}],"interuppted":false},{"testStatus":{"stackTrace":"","statusValue":"FAILED"},"type":"MESSAGE","name":"","message":"Unable to call Test Case with id \u0027Test Cases/Research Grants - Initial Proposal/Page 2 of 4/Question 2 (GMS Organisation)\u0027 (Root cause: Call Test Case \u0027Test Cases/Research Grants - Initial Proposal/Page 2 of 4/Question 2 (GMS Organisation)\u0027 failed)","startTime":1529535072977,"endTime":0,"childRecords":[],"interuppted":false}],"interuppted":false},{"testStatus":{"stackTrace":"","statusValue":"FAILED"},"type":"MESSAGE","name":"","message":"Test Cases/Test Cases - Portal/TC3_Verify Completion of Standard Application FAILED because (of) Unable to click on object \u0027Object Repository/Research Grants - Initial Proposal/Page 2 of 4/Question 2 (GMS Organisation)/Page_Application form - Gordon Test/li_General\u0027 (Root cause: org.openqa.selenium.WebDriverException: unknown error: Element \u003cli class\u003d\"rcbItem\"\u003e...\u003c/li\u003e is not clickable at point (1002, 695). Other element would receive the click: \u003cli class\u003d\"rcbItem\"\u003e...\u003c/li\u003e\n  (Session info: chrome\u003d67.0.3396.87)\n  (Driver info: chromedriver\u003d2.35.528161 (5b82f2d2aae0ca24b877009200ced9065a772e73),platform\u003dWindows NT 10.0.17134 x86_64) (WARNING: The server did not provide any stacktrace information)\nCommand duration or timeout: 0 milliseconds\nBuild info: version: \u00273.7.1\u0027, revision: \u00278a0099a\u0027, time: \u00272017-11-06T21:07:36.161Z\u0027\nSystem info: host: \u0027LAPTOP-1SON56RS\u0027, ip: \u0027192.168.1.163\u0027, os.name: \u0027Windows 10\u0027, os.arch: \u0027amd64\u0027, os.version: \u002710.0\u0027, java.version: \u00271.8.0_102\u0027\nDriver info: com.kms.katalon.selenium.driver.CChromeDriver\nCapabilities {acceptInsecureCerts: false, acceptSslCerts: false, applicationCacheEnabled: false, browserConnectionEnabled: false, browserName: chrome, chrome: {chromedriverVersion: 2.35.528161 (5b82f2d2aae0ca..., userDataDir: C:\\Users\\GORDON~1\\AppData\\L...}, cssSelectorsEnabled: true, databaseEnabled: false, handlesAlerts: true, hasTouchScreen: false, javascriptEnabled: true, locationContextEnabled: true, mobileEmulationEnabled: false, nativeEvents: true, networkConnectionEnabled: false, pageLoadStrategy: normal, platform: XP, platformName: XP, rotatable: false, setWindowRect: true, takesHeapSnapshot: true, takesScreenshot: true, unexpectedAlertBehaviour: , unhandledPromptBehavior: , version: 67.0.3396.87, webStorageEnabled: true}\nSession ID: f47eb8652ed1d346cefcba19a2541774)","startTime":1529535072977,"endTime":0,"childRecords":[],"interuppted":false}],"interuppted":false}],"interuppted":false}